Log file open, 11/02/21 17:52:40
LogWindows: Failed to load 'aqProf.dll' (GetLastError=126)
LogWindows: File 'aqProf.dll' does not exist
LogWindows: Failed to load 'VtuneApi.dll' (GetLastError=126)
LogWindows: File 'VtuneApi.dll' does not exist
LogWindows: Failed to load 'VtuneApi32e.dll' (GetLastError=126)
LogWindows: File 'VtuneApi32e.dll' does not exist
LogConsoleResponse: Display: Failed to find resolution value strings in scalability ini. Falling back to default.
LogConsoleResponse: Display: Failed to find resolution value strings in scalability ini. Falling back to default.
LogInit: Display: Running engine for game: BOO
LogPlatformFile: Not using cached read wrapper
LogTaskGraph: Started task graph with 5 named threads and 20 total threads with 3 sets of task threads.
LogStats: Stats thread started at 0.312301
LogICUInternationalization: ICU TimeZone Detection - Raw Offset: +3:00, Platform Override: ''
LogInit: Display: Loading text-based GConfig....
LogPluginManager: Mounting plugin MeshPainting
LogPluginManager: Mounting plugin XGEController
LogPluginManager: Mounting plugin LightPropagationVolume
LogPluginManager: Mounting plugin Paper2D
LogPluginManager: Mounting plugin LiveLink
LogPluginManager: Mounting plugin CameraShakePreviewer
LogPluginManager: Mounting plugin GameplayCameras
LogPluginManager: Mounting plugin AISupport
LogPluginManager: Mounting plugin EnvironmentQueryEditor
LogPluginManager: Mounting plugin OodleData
LogPluginManager: Mounting plugin OodleNetwork
LogPluginManager: Mounting plugin Niagara
LogPluginManager: Mounting plugin DatasmithContent
LogPluginManager: Mounting plugin AnimationSharing
LogPluginManager: Mounting plugin VariantManagerContent
LogPluginManager: Mounting plugin CLionSourceCodeAccess
LogPluginManager: Mounting plugin CodeLiteSourceCodeAccess
LogPluginManager: Mounting plugin GitSourceControl
LogPluginManager: Mounting plugin NullSourceCodeAccess
LogPluginManager: Mounting plugin KDevelopSourceCodeAccess
LogPluginManager: Mounting plugin PerforceSourceControl
LogPluginManager: Mounting plugin PixWinPlugin
LogPluginManager: Mounting plugin PlasticSourceControl
LogPluginManager: Mounting plugin PropertyAccessNode
LogPluginManager: Mounting plugin PluginUtils
LogPluginManager: Mounting plugin TextureFormatOodle
LogPluginManager: Mounting plugin RiderSourceCodeAccess
LogPluginManager: Mounting plugin SubversionSourceControl
LogPluginManager: Mounting plugin UObjectPlugin
LogPluginManager: Mounting plugin VisualStudioCodeSourceCodeAccess
LogPluginManager: Mounting plugin VisualStudioSourceCodeAccess
LogPluginManager: Mounting plugin AssetManagerEditor
LogPluginManager: Mounting plugin XCodeSourceCodeAccess
LogPluginManager: Mounting plugin CryptoKeys
LogPluginManager: Mounting plugin CurveEditorTools
LogPluginManager: Mounting plugin DataValidation
LogPluginManager: Mounting plugin GameplayTagsEditor
LogPluginManager: Mounting plugin FacialAnimation
LogPluginManager: Mounting plugin MacGraphicsSwitching
LogPluginManager: Mounting plugin GeometryMode
LogPluginManager: Mounting plugin MaterialAnalyzer
LogPluginManager: Mounting plugin MobileLauncherProfileWizard
LogPluginManager: Mounting plugin PluginBrowser
LogPluginManager: Mounting plugin LuminPlatformFeatures
LogPluginManager: Mounting plugin SpeedTreeImporter
LogPluginManager: Mounting plugin BlockoutToolsPlugin
LogPluginManager: Mounting plugin MagicLeap
LogPluginManager: Mounting plugin MagicLeapLightEstimation
LogPluginManager: Mounting plugin MagicLeapMedia
LogPluginManager: Mounting plugin MagicLeapPassableWorld
LogPluginManager: Mounting plugin MLSDK
LogPluginManager: Mounting plugin AlembicImporter
LogPluginManager: Mounting plugin AutomationUtils
LogPluginManager: Mounting plugin BackChannel
LogPluginManager: Mounting plugin ChaosCloth
LogPluginManager: Mounting plugin ChaosClothEditor
LogPluginManager: Mounting plugin ChaosEditor
LogPluginManager: Mounting plugin ChaosSolverPlugin
LogPluginManager: Mounting plugin ChaosNiagara
LogPluginManager: Mounting plugin CharacterAI
LogPluginManager: Mounting plugin GeometryCache
LogPluginManager: Mounting plugin GeometryCollectionPlugin
LogPluginManager: Mounting plugin AndroidMedia
LogPluginManager: Mounting plugin AvfMedia
LogPluginManager: Mounting plugin ImgMedia
LogPluginManager: Mounting plugin MediaCompositing
LogPluginManager: Mounting plugin MediaPlayerEditor
LogPluginManager: Mounting plugin WebMMedia
LogPluginManager: Mounting plugin WmfMedia
LogPluginManager: Mounting plugin TcpMessaging
LogPluginManager: Mounting plugin LevelSequenceEditor
LogPluginManager: Mounting plugin ActorSequence
LogPluginManager: Mounting plugin UdpMessaging
LogPluginManager: Mounting plugin MatineeToLevelSequence
LogPluginManager: Mounting plugin TemplateSequence
LogPluginManager: Mounting plugin GeometryProcessing
LogPluginManager: Mounting plugin MotoSynth
LogPluginManager: Mounting plugin OpenImageDenoise
LogPluginManager: Mounting plugin PlatformCrypto
LogPluginManager: Mounting plugin ProxyLODPlugin
LogPluginManager: Mounting plugin PlanarCut
LogPluginManager: Mounting plugin SkeletalReduction
LogPluginManager: Mounting plugin PythonScriptPlugin
LogPluginManager: Mounting plugin LauncherChunkInstaller
LogPluginManager: Mounting plugin OnlineSubsystem
LogPluginManager: Mounting plugin OnlineSubsystemNull
LogPluginManager: Mounting plugin OnlineSubsystemUtils
LogPluginManager: Mounting plugin ScreenshotTools
LogPluginManager: Mounting plugin ActorLayerUtilities
LogPluginManager: Mounting plugin Takes
LogPluginManager: Mounting plugin AndroidDeviceProfileSelector
LogPluginManager: Mounting plugin AndroidMoviePlayer
LogPluginManager: Mounting plugin AndroidPermission
LogPluginManager: Mounting plugin AppleImageUtils
LogPluginManager: Mounting plugin ArchVisCharacter
LogPluginManager: Mounting plugin AppleMoviePlayer
LogPluginManager: Mounting plugin AssetTags
LogPluginManager: Mounting plugin AudioCapture
LogPluginManager: Mounting plugin AudioSynesthesia
LogPluginManager: Mounting plugin CableComponent
LogPluginManager: Mounting plugin ChunkDownloader
LogPluginManager: Mounting plugin CustomMeshComponent
LogPluginManager: Mounting plugin EditableMesh
LogPluginManager: Mounting plugin ExampleDeviceProfileSelector
LogPluginManager: Mounting plugin GoogleCloudMessaging
LogPluginManager: Mounting plugin GooglePAD
LogPluginManager: Mounting plugin IOSDeviceProfileSelector
LogPluginManager: Mounting plugin LinuxDeviceProfileSelector
LogPluginManager: Mounting plugin LocationServicesBPLibrary
LogPluginManager: Mounting plugin MobilePatchingUtils
LogPluginManager: Mounting plugin OpenXR
LogPluginManager: Mounting plugin OpenXREyeTracker
LogPluginManager: Mounting plugin OpenXRHandTracking
LogPluginManager: Mounting plugin PostSplashScreen
LogPluginManager: Mounting plugin PhysXVehicles
LogPluginManager: Mounting plugin ProceduralMeshComponent
LogPluginManager: Mounting plugin PropertyAccessEditor
LogPluginManager: Mounting plugin RuntimePhysXCooking
LogPluginManager: Mounting plugin SoundFields
LogPluginManager: Mounting plugin SignificanceManager
LogPluginManager: Mounting plugin Synthesis
LogPluginManager: Mounting plugin WebMMoviePlayer
LogPluginManager: Mounting plugin WindowsMoviePlayer
LogPluginManager: Mounting plugin ContentBrowserAssetDataSource
LogPluginManager: Mounting plugin ContentBrowserClassDataSource
LogPluginManager: Mounting plugin ContentBrowserFileDataSource
LogPluginManager: Mounting plugin OnlineSubsystemGooglePlay
LogPluginManager: Mounting plugin OnlineSubsystemIOS
LogPluginManager: Mounting plugin OculusVR
LogPluginManager: Mounting plugin SteamVR
PixWinPlugin: PIX capture plugin failed to initialize! Check that the process is launched from PIX.
LogInit: Using libcurl 7.55.1-DEV
LogInit:  - built for x86_64-pc-win32
LogInit:  - supports SSL with OpenSSL/1.1.1
LogInit:  - supports HTTP deflate (compression) using libz 1.2.8
LogInit:  - other features:
LogInit:      CURL_VERSION_SSL
LogInit:      CURL_VERSION_LIBZ
LogInit:      CURL_VERSION_IPV6
LogInit:      CURL_VERSION_ASYNCHDNS
LogInit:      CURL_VERSION_LARGEFILE
LogInit:      CURL_VERSION_IDN
LogInit:  CurlRequestOptions (configurable via config and command line):
LogInit:  - bVerifyPeer = true  - Libcurl will verify peer certificate
LogInit:  - bUseHttpProxy = false  - Libcurl will NOT use HTTP proxy
LogInit:  - bDontReuseConnections = false  - Libcurl will reuse connections
LogInit:  - MaxHostConnections = 16  - Libcurl will limit the number of connections to a host
LogInit:  - LocalHostAddr = Default
LogInit:  - BufferSize = 65536
LogOnline: OSS: Creating online subsystem instance for: NULL
LogInit: WinSock: version 1.1 (2.2), MaxSocks=32767, MaxUdp=65467
LogOnline: OSS: TryLoadSubsystemAndSetDefault: Loaded subsystem for module [NULL]
LogOculusPluginWrapper: OculusPlugin initialized successfully
LogHMD: Failed initializing OVRPlugin 1.59.0
LogInit: Build: ++UE4+Release-4.27-CL-17735300
LogInit: Engine Version: 4.27.1-17735300+++UE4+Release-4.27
LogInit: Compatible Engine Version: 4.27.0-17155196+++UE4+Release-4.27
LogInit: Net CL: 17155196
LogInit: OS: Windows 10 (Release 2009) (), CPU: Intel(R) Core(TM) i5-9400F CPU @ 2.90GHz, GPU: NVIDIA GeForce GTX 1650 SUPER
LogInit: Compiled (64-bit): Oct  6 2021 14:42:51
LogInit: Compiled with Visual C++: 19.24.28315.00
LogInit: Build Configuration: Development
LogInit: Branch Name: ++UE4+Release-4.27
LogInit: Command Line: 
LogInit: Base Directory: C:/games/UE_4.27/Engine/Binaries/Win64/
LogInit: Allocator: TBB
LogInit: Installed Engine Build: 1
LogDevObjectVersion: Number of dev versions registered: 29
LogDevObjectVersion:   Dev-Blueprints (B0D832E4-1F89-4F0D-ACCF-7EB736FD4AA2): 10
LogDevObjectVersion:   Dev-Build (E1C64328-A22C-4D53-A36C-8E866417BD8C): 0
LogDevObjectVersion:   Dev-Core (375EC13C-06E4-48FB-B500-84F0262A717E): 4
LogDevObjectVersion:   Dev-Editor (E4B068ED-F494-42E9-A231-DA0B2E46BB41): 40
LogDevObjectVersion:   Dev-Framework (CFFC743F-43B0-4480-9391-14DF171D2073): 37
LogDevObjectVersion:   Dev-Mobile (B02B49B5-BB20-44E9-A304-32B752E40360): 3
LogDevObjectVersion:   Dev-Networking (A4E4105C-59A1-49B5-A7C5-40C4547EDFEE): 0
LogDevObjectVersion:   Dev-Online (39C831C9-5AE6-47DC-9A44-9C173E1C8E7C): 0
LogDevObjectVersion:   Dev-Physics (78F01B33-EBEA-4F98-B9B4-84EACCB95AA2): 14
LogDevObjectVersion:   Dev-Platform (6631380F-2D4D-43E0-8009-CF276956A95A): 0
LogDevObjectVersion:   Dev-Rendering (12F88B9F-8875-4AFC-A67C-D90C383ABD29): 45
LogDevObjectVersion:   Dev-Sequencer (7B5AE74C-D270-4C10-A958-57980B212A5A): 13
LogDevObjectVersion:   Dev-VR (D7296918-1DD6-4BDD-9DE2-64A83CC13884): 3
LogDevObjectVersion:   Dev-LoadTimes (C2A15278-BFE7-4AFE-6C17-90FF531DF755): 1
LogDevObjectVersion:   Private-Geometry (6EACA3D4-40EC-4CC1-B786-8BED09428FC5): 3
LogDevObjectVersion:   Dev-AnimPhys (29E575DD-E0A3-4627-9D10-D276232CDCEA): 17
LogDevObjectVersion:   Dev-Anim (AF43A65D-7FD3-4947-9873-3E8ED9C1BB05): 15
LogDevObjectVersion:   Dev-ReflectionCapture (6B266CEC-1EC7-4B8F-A30B-E4D90942FC07): 1
LogDevObjectVersion:   Dev-Automation (0DF73D61-A23F-47EA-B727-89E90C41499A): 1
LogDevObjectVersion:   FortniteMain (601D1886-AC64-4F84-AA16-D3DE0DEAC7D6): 47
LogDevObjectVersion:   FortniteRelease (E7086368-6B23-4C58-8439-1B7016265E91): 1
LogDevObjectVersion:   Dev-Enterprise (9DFFBCD6-494F-0158-E221-12823C92A888): 10
LogDevObjectVersion:   Dev-Niagara (F2AED0AC-9AFE-416F-8664-AA7FFA26D6FC): 1
LogDevObjectVersion:   Dev-Destruction (174F1F0B-B4C6-45A5-B13F-2EE8D0FB917D): 10
LogDevObjectVersion:   Dev-Physics-Ext (35F94A83-E258-406C-A318-09F59610247C): 41
LogDevObjectVersion:   Dev-PhysicsMaterial-Chaos (B68FC16E-8B1B-42E2-B453-215C058844FE): 1
LogDevObjectVersion:   Dev-CineCamera (B2E18506-4273-CFC2-A54E-F4BB758BBA07): 1
LogDevObjectVersion:   Dev-VirtualProduction (64F58936-FD1B-42BA-BA96-7289D5D0FA4E): 1
LogDevObjectVersion:   Dev-MediaFramework (6F0ED827-A609-4895-9C91-998D90180EA4): 2
LogInit: Presizing for max 25165824 objects, including 0 objects not considered by GC, pre-allocating 0 bytes for permanent pool.
LogConfig: Applying CVar settings from Section [/Script/Engine.StreamingSettings] File [D:/Projects/Unreal/GAME/Saved/Config/Windows/Engine.ini]
LogConfig: Setting CVar [[s.MinBulkDataSizeForAsyncLoading:131072]]
LogConfig: Setting CVar [[s.AsyncLoadingThreadEnabled:0]]
LogConfig: Setting CVar [[s.EventDrivenLoaderEnabled:1]]
LogConfig: Setting CVar [[s.WarnIfTimeLimitExceeded:0]]
LogConfig: Setting CVar [[s.TimeLimitExceededMultiplier:1.5]]
LogConfig: Setting CVar [[s.TimeLimitExceededMinTime:0.005]]
LogConfig: Setting CVar [[s.UseBackgroundLevelStreaming:1]]
LogConfig: Setting CVar [[s.PriorityAsyncLoadingExtraTime:15.0]]
LogConfig: Setting CVar [[s.LevelStreamingActorsUpdateTimeLimit:5.0]]
LogConfig: Setting CVar [[s.PriorityLevelStreamingActorsUpdateExtraTime:5.0]]
LogConfig: Setting CVar [[s.LevelStreamingComponentsRegistrationGranularity:10]]
LogConfig: Setting CVar [[s.UnregisterComponentsTimeLimit:1.0]]
LogConfig: Setting CVar [[s.LevelStreamingComponentsUnregistrationGranularity:5]]
LogConfig: Setting CVar [[s.FlushStreamingOnExit:1]]
LogInit: Object subsystem initialized
LogConfig: Setting CVar [[con.DebugEarlyDefault:1]]
LogConfig: Setting CVar [[r.setres:1280x720]]
[2021.11.02-14.52.42:480][  0]LogConfig: Setting CVar [[r.VSync:0]]
[2021.11.02-14.52.42:480][  0]LogConfig: Setting CVar [[r.RHICmdBypass:0]]
[2021.11.02-14.52.42:480][  0]LogConfig: Applying CVar settings from Section [/Script/Engine.RendererSettings] File [D:/Projects/Unreal/GAME/Saved/Config/Windows/Engine.ini]
[2021.11.02-14.52.42:480][  0]LogConfig: Setting CVar [[r.GPUCrashDebugging:0]]
[2021.11.02-14.52.42:480][  0]LogConfig: Setting CVar [[r.CustomDepth:3]]
[2021.11.02-14.52.42:480][  0]LogConfig: Setting CVar [[r.PostProcessing.PropagateAlpha:1]]
[2021.11.02-14.52.42:480][  0]LogConfig: Setting CVar [[r.DefaultFeature.AutoExposure:0]]
[2021.11.02-14.52.42:480][  0]LogConfig: Applying CVar settings from Section [/Script/Engine.RendererOverrideSettings] File [D:/Projects/Unreal/GAME/Saved/Config/Windows/Engine.ini]
[2021.11.02-14.52.42:480][  0]LogConfig: Applying CVar settings from Section [/Script/Engine.StreamingSettings] File [D:/Projects/Unreal/GAME/Saved/Config/Windows/Engine.ini]
[2021.11.02-14.52.42:480][  0]LogConfig: Setting CVar [[s.MinBulkDataSizeForAsyncLoading:131072]]
[2021.11.02-14.52.42:480][  0]LogConfig: Setting CVar [[s.AsyncLoadingThreadEnabled:0]]
[2021.11.02-14.52.42:480][  0]LogConfig: Setting CVar [[s.EventDrivenLoaderEnabled:1]]
[2021.11.02-14.52.42:480][  0]LogConfig: Setting CVar [[s.WarnIfTimeLimitExceeded:0]]
[2021.11.02-14.52.42:480][  0]LogConfig: Setting CVar [[s.TimeLimitExceededMultiplier:1.5]]
[2021.11.02-14.52.42:480][  0]LogConfig: Setting CVar [[s.TimeLimitExceededMinTime:0.005]]
[2021.11.02-14.52.42:480][  0]LogConfig: Setting CVar [[s.UseBackgroundLevelStreaming:1]]
[2021.11.02-14.52.42:480][  0]LogConfig: Setting CVar [[s.PriorityAsyncLoadingExtraTime:15.0]]
[2021.11.02-14.52.42:480][  0]LogConfig: Setting CVar [[s.LevelStreamingActorsUpdateTimeLimit:5.0]]
[2021.11.02-14.52.42:480][  0]LogConfig: Setting CVar [[s.PriorityLevelStreamingActorsUpdateExtraTime:5.0]]
[2021.11.02-14.52.42:480][  0]LogConfig: Setting CVar [[s.LevelStreamingComponentsRegistrationGranularity:10]]
[2021.11.02-14.52.42:480][  0]LogConfig: Setting CVar [[s.UnregisterComponentsTimeLimit:1.0]]
[2021.11.02-14.52.42:480][  0]LogConfig: Setting CVar [[s.LevelStreamingComponentsUnregistrationGranularity:5]]
[2021.11.02-14.52.42:480][  0]LogConfig: Setting CVar [[s.FlushStreamingOnExit:1]]
[2021.11.02-14.52.42:480][  0]LogConfig: Applying CVar settings from Section [/Script/Engine.GarbageCollectionSettings] File [D:/Projects/Unreal/GAME/Saved/Config/Windows/Engine.ini]
[2021.11.02-14.52.42:480][  0]LogConfig: Setting CVar [[gc.MaxObjectsNotConsideredByGC:1]]
[2021.11.02-14.52.42:480][  0]LogConfig: Setting CVar [[gc.SizeOfPermanentObjectPool:0]]
[2021.11.02-14.52.42:480][  0]LogConfig: Setting CVar [[gc.FlushStreamingOnGC:0]]
[2021.11.02-14.52.42:480][  0]LogConfig: Setting CVar [[gc.NumRetriesBeforeForcingGC:10]]
[2021.11.02-14.52.42:480][  0]LogConfig: Setting CVar [[gc.AllowParallelGC:1]]
[2021.11.02-14.52.42:480][  0]LogConfig: Setting CVar [[gc.TimeBetweenPurgingPendingKillObjects:61.1]]
[2021.11.02-14.52.42:480][  0]LogConfig: Setting CVar [[gc.MaxObjectsInEditor:25165824]]
[2021.11.02-14.52.42:480][  0]LogConfig: Setting CVar [[gc.IncrementalBeginDestroyEnabled:1]]
[2021.11.02-14.52.42:480][  0]LogConfig: Setting CVar [[gc.CreateGCClusters:1]]
[2021.11.02-14.52.42:480][  0]LogConfig: Setting CVar [[gc.MinGCClusterSize:5]]
[2021.11.02-14.52.42:480][  0]LogConfig: Setting CVar [[gc.ActorClusteringEnabled:0]]
[2021.11.02-14.52.42:480][  0]LogConfig: Setting CVar [[gc.BlueprintClusteringEnabled:0]]
[2021.11.02-14.52.42:480][  0]LogConfig: Setting CVar [[gc.UseDisregardForGCOnDedicatedServers:0]]
[2021.11.02-14.52.42:480][  0]LogConfig: Setting CVar [[gc.MultithreadedDestructionEnabled:1]]
[2021.11.02-14.52.42:480][  0]LogConfig: Applying CVar settings from Section [/Script/Engine.NetworkSettings] File [D:/Projects/Unreal/GAME/Saved/Config/Windows/Engine.ini]
[2021.11.02-14.52.42:480][  0]LogConfig: Applying CVar settings from Section [/Script/UnrealEd.CookerSettings] File [D:/Projects/Unreal/GAME/Saved/Config/Windows/Engine.ini]
[2021.11.02-14.52.42:495][  0]LogConfig: Applying CVar settings from Section [ViewDistanceQuality@3] File [D:/Projects/Unreal/GAME/Saved/Config/Windows/Scalability.ini]
[2021.11.02-14.52.42:495][  0]LogConfig: Setting CVar [[r.SkeletalMeshLODBias:0]]
[2021.11.02-14.52.42:495][  0]LogConfig: Setting CVar [[r.ViewDistanceScale:1.0]]
[2021.11.02-14.52.42:495][  0]LogConfig: Applying CVar settings from Section [AntiAliasingQuality@3] File [D:/Projects/Unreal/GAME/Saved/Config/Windows/Scalability.ini]
[2021.11.02-14.52.42:495][  0]LogConfig: Setting CVar [[r.PostProcessAAQuality:4]]
[2021.11.02-14.52.42:495][  0]LogConfig: Applying CVar settings from Section [ShadowQuality@3] File [D:/Projects/Unreal/GAME/Saved/Config/Windows/Scalability.ini]
[2021.11.02-14.52.42:495][  0]LogConfig: Setting CVar [[r.LightFunctionQuality:1]]
[2021.11.02-14.52.42:495][  0]LogConfig: Setting CVar [[r.ShadowQuality:5]]
[2021.11.02-14.52.42:495][  0]LogConfig: Setting CVar [[r.Shadow.CSM.MaxCascades:10]]
[2021.11.02-14.52.42:495][  0]LogConfig: Setting CVar [[r.Shadow.MaxResolution:2048]]
[2021.11.02-14.52.42:495][  0]LogConfig: Setting CVar [[r.Shadow.MaxCSMResolution:2048]]
[2021.11.02-14.52.42:495][  0]LogConfig: Setting CVar [[r.Shadow.RadiusThreshold:0.01]]
[2021.11.02-14.52.42:495][  0]LogConfig: Setting CVar [[r.Shadow.DistanceScale:1.0]]
[2021.11.02-14.52.42:495][  0]LogConfig: Setting CVar [[r.Shadow.CSM.TransitionScale:1.0]]
[2021.11.02-14.52.42:495][  0]LogConfig: Setting CVar [[r.Shadow.PreShadowResolutionFactor:1.0]]
[2021.11.02-14.52.42:495][  0]LogConfig: Setting CVar [[r.DistanceFieldShadowing:1]]
[2021.11.02-14.52.42:495][  0]LogConfig: Setting CVar [[r.DistanceFieldAO:1]]
[2021.11.02-14.52.42:495][  0]LogConfig: Setting CVar [[r.AOQuality:2]]
[2021.11.02-14.52.42:495][  0]LogConfig: Setting CVar [[r.VolumetricFog:1]]
[2021.11.02-14.52.42:495][  0]LogConfig: Setting CVar [[r.VolumetricFog.GridPixelSize:8]]
[2021.11.02-14.52.42:495][  0]LogConfig: Setting CVar [[r.VolumetricFog.GridSizeZ:128]]
[2021.11.02-14.52.42:495][  0]LogConfig: Setting CVar [[r.VolumetricFog.HistoryMissSupersampleCount:4]]
[2021.11.02-14.52.42:495][  0]LogConfig: Setting CVar [[r.LightMaxDrawDistanceScale:1]]
[2021.11.02-14.52.42:495][  0]LogConfig: Setting CVar [[r.CapsuleShadows:1]]
[2021.11.02-14.52.42:495][  0]LogConfig: Applying CVar settings from Section [PostProcessQuality@3] File [D:/Projects/Unreal/GAME/Saved/Config/Windows/Scalability.ini]
[2021.11.02-14.52.42:495][  0]LogConfig: Setting CVar [[r.MotionBlurQuality:4]]
[2021.11.02-14.52.42:495][  0]LogConfig: Setting CVar [[r.AmbientOcclusionMipLevelFactor:0.4]]
[2021.11.02-14.52.42:495][  0]LogConfig: Setting CVar [[r.AmbientOcclusionMaxQuality:100]]
[2021.11.02-14.52.42:495][  0]LogConfig: Setting CVar [[r.AmbientOcclusionLevels:-1]]
[2021.11.02-14.52.42:495][  0]LogConfig: Setting CVar [[r.AmbientOcclusionRadiusScale:1.0]]
[2021.11.02-14.52.42:495][  0]LogConfig: Setting CVar [[r.DepthOfFieldQuality:2]]
[2021.11.02-14.52.42:495][  0]LogConfig: Setting CVar [[r.RenderTargetPoolMin:400]]
[2021.11.02-14.52.42:495][  0]LogConfig: Setting CVar [[r.LensFlareQuality:2]]
[2021.11.02-14.52.42:495][  0]LogConfig: Setting CVar [[r.SceneColorFringeQuality:1]]
[2021.11.02-14.52.42:495][  0]LogConfig: Setting CVar [[r.EyeAdaptationQuality:2]]
[2021.11.02-14.52.42:495][  0]LogConfig: Setting CVar [[r.BloomQuality:5]]
[2021.11.02-14.52.42:495][  0]LogConfig: Setting CVar [[r.FastBlurThreshold:100]]
[2021.11.02-14.52.42:495][  0]LogConfig: Setting CVar [[r.Upscale.Quality:3]]
[2021.11.02-14.52.42:495][  0]LogConfig: Setting CVar [[r.Tonemapper.GrainQuantization:1]]
[2021.11.02-14.52.42:495][  0]LogConfig: Setting CVar [[r.LightShaftQuality:1]]
[2021.11.02-14.52.42:495][  0]LogConfig: Setting CVar [[r.Filter.SizeScale:1]]
[2021.11.02-14.52.42:495][  0]LogConfig: Setting CVar [[r.Tonemapper.Quality:5]]
[2021.11.02-14.52.42:495][  0]LogConfig: Setting CVar [[r.DOF.Gather.AccumulatorQuality:1        ; higher gathering accumulator quality]]
[2021.11.02-14.52.42:495][  0]LogConfig: Setting CVar [[r.DOF.Gather.PostfilterMethod:1          ; Median3x3 postfilering method]]
[2021.11.02-14.52.42:495][  0]LogConfig: Setting CVar [[r.DOF.Gather.EnableBokehSettings:0       ; no bokeh simulation when gathering]]
[2021.11.02-14.52.42:495][  0]LogConfig: Setting CVar [[r.DOF.Gather.RingCount:4                 ; medium number of samples when gathering]]
[2021.11.02-14.52.42:495][  0]LogConfig: Setting CVar [[r.DOF.Scatter.ForegroundCompositing:1    ; additive foreground scattering]]
[2021.11.02-14.52.42:495][  0]LogConfig: Setting CVar [[r.DOF.Scatter.BackgroundCompositing:2    ; additive background scattering]]
[2021.11.02-14.52.42:495][  0]LogConfig: Setting CVar [[r.DOF.Scatter.EnableBokehSettings:1      ; bokeh simulation when scattering]]
[2021.11.02-14.52.42:495][  0]LogConfig: Setting CVar [[r.DOF.Scatter.MaxSpriteRatio:0.1         ; only a maximum of 10% of scattered bokeh]]
[2021.11.02-14.52.42:495][  0]LogConfig: Setting CVar [[r.DOF.Recombine.Quality:1                ; cheap slight out of focus]]
[2021.11.02-14.52.42:495][  0]LogConfig: Setting CVar [[r.DOF.Recombine.EnableBokehSettings:0    ; no bokeh simulation on slight out of focus]]
[2021.11.02-14.52.42:495][  0]LogConfig: Setting CVar [[r.DOF.TemporalAAQuality:1                ; more stable temporal accumulation]]
[2021.11.02-14.52.42:495][  0]LogConfig: Setting CVar [[r.DOF.Kernel.MaxForegroundRadius:0.025]]
[2021.11.02-14.52.42:495][  0]LogConfig: Setting CVar [[r.DOF.Kernel.MaxBackgroundRadius:0.025]]
[2021.11.02-14.52.42:495][  0]LogConfig: Applying CVar settings from Section [TextureQuality@3] File [D:/Projects/Unreal/GAME/Saved/Config/Windows/Scalability.ini]
[2021.11.02-14.52.42:495][  0]LogConfig: Setting CVar [[r.Streaming.MipBias:0]]
[2021.11.02-14.52.42:495][  0]LogConfig: Setting CVar [[r.Streaming.AmortizeCPUToGPUCopy:0]]
[2021.11.02-14.52.42:495][  0]LogConfig: Setting CVar [[r.Streaming.MaxNumTexturesToStreamPerFrame:0]]
[2021.11.02-14.52.42:495][  0]LogConfig: Setting CVar [[r.Streaming.Boost:1]]
[2021.11.02-14.52.42:495][  0]LogConfig: Setting CVar [[r.MaxAnisotropy:8]]
[2021.11.02-14.52.42:496][  0]LogConfig: Setting CVar [[r.VT.MaxAnisotropy:8]]
[2021.11.02-14.52.42:496][  0]LogConfig: Setting CVar [[r.Streaming.LimitPoolSizeToVRAM:0]]
[2021.11.02-14.52.42:496][  0]LogConfig: Setting CVar [[r.Streaming.PoolSize:1000]]
[2021.11.02-14.52.42:496][  0]LogConfig: Setting CVar [[r.Streaming.MaxEffectiveScreenSize:0]]
[2021.11.02-14.52.42:496][  0]LogConfig: Applying CVar settings from Section [EffectsQuality@3] File [D:/Projects/Unreal/GAME/Saved/Config/Windows/Scalability.ini]
[2021.11.02-14.52.42:496][  0]LogConfig: Setting CVar [[r.TranslucencyLightingVolumeDim:64]]
[2021.11.02-14.52.42:496][  0]LogConfig: Setting CVar [[r.RefractionQuality:2]]
[2021.11.02-14.52.42:496][  0]LogConfig: Setting CVar [[r.SSR.Quality:3]]
[2021.11.02-14.52.42:496][  0]LogConfig: Setting CVar [[r.SSR.HalfResSceneColor:0]]
[2021.11.02-14.52.42:496][  0]LogConfig: Setting CVar [[r.SceneColorFormat:4]]
[2021.11.02-14.52.42:496][  0]LogConfig: Setting CVar [[r.DetailMode:2]]
[2021.11.02-14.52.42:496][  0]LogConfig: Setting CVar [[r.TranslucencyVolumeBlur:1]]
[2021.11.02-14.52.42:496][  0]LogConfig: Setting CVar [[r.MaterialQualityLevel:1 ; High quality]]
[2021.11.02-14.52.42:496][  0]LogConfig: Setting CVar [[r.AnisotropicMaterials:1]]
[2021.11.02-14.52.42:496][  0]LogConfig: Setting CVar [[r.SSS.Scale:1]]
[2021.11.02-14.52.42:496][  0]LogConfig: Setting CVar [[r.SSS.SampleSet:2]]
[2021.11.02-14.52.42:496][  0]LogConfig: Setting CVar [[r.SSS.Quality:1]]
[2021.11.02-14.52.42:496][  0]LogConfig: Setting CVar [[r.SSS.HalfRes:0]]
[2021.11.02-14.52.42:496][  0]LogConfig: Setting CVar [[r.SSGI.Quality:3]]
[2021.11.02-14.52.42:496][  0]LogConfig: Setting CVar [[r.EmitterSpawnRateScale:1.0]]
[2021.11.02-14.52.42:496][  0]LogConfig: Setting CVar [[r.ParticleLightQuality:2]]
[2021.11.02-14.52.42:496][  0]LogConfig: Setting CVar [[r.SkyAtmosphere.AerialPerspectiveLUT.FastApplyOnOpaque:1 ; Always have FastSkyLUT 1 in this case to avoid wrong sky]]
[2021.11.02-14.52.42:496][  0]LogConfig: Setting CVar [[r.SkyAtmosphere.AerialPerspectiveLUT.SampleCountMaxPerSlice:4]]
[2021.11.02-14.52.42:496][  0]LogConfig: Setting CVar [[r.SkyAtmosphere.AerialPerspectiveLUT.DepthResolution:16.0]]
[2021.11.02-14.52.42:496][  0]LogConfig: Setting CVar [[r.SkyAtmosphere.FastSkyLUT:1]]
[2021.11.02-14.52.42:496][  0]LogConfig: Setting CVar [[r.SkyAtmosphere.FastSkyLUT.SampleCountMin:4.0]]
[2021.11.02-14.52.42:496][  0]LogConfig: Setting CVar [[r.SkyAtmosphere.FastSkyLUT.SampleCountMax:128.0]]
[2021.11.02-14.52.42:496][  0]LogConfig: Setting CVar [[r.SkyAtmosphere.SampleCountMin:4.0]]
[2021.11.02-14.52.42:496][  0]LogConfig: Setting CVar [[r.SkyAtmosphere.SampleCountMax:128.0]]
[2021.11.02-14.52.42:496][  0]LogConfig: Setting CVar [[r.SkyAtmosphere.TransmittanceLUT.UseSmallFormat:0]]
[2021.11.02-14.52.42:496][  0]LogConfig: Setting CVar [[r.SkyAtmosphere.TransmittanceLUT.SampleCount:10.0]]
[2021.11.02-14.52.42:496][  0]LogConfig: Setting CVar [[r.SkyAtmosphere.MultiScatteringLUT.SampleCount:15.0]]
[2021.11.02-14.52.42:496][  0]LogConfig: Setting CVar [[r.SkyLight.RealTimeReflectionCapture:1]]
[2021.11.02-14.52.42:496][  0]LogConfig: Applying CVar settings from Section [FoliageQuality@3] File [D:/Projects/Unreal/GAME/Saved/Config/Windows/Scalability.ini]
[2021.11.02-14.52.42:496][  0]LogConfig: Setting CVar [[foliage.DensityScale:1.0]]
[2021.11.02-14.52.42:496][  0]LogConfig: Setting CVar [[grass.DensityScale:1.0]]
[2021.11.02-14.52.42:496][  0]LogConfig: Applying CVar settings from Section [ShadingQuality@3] File [D:/Projects/Unreal/GAME/Saved/Config/Windows/Scalability.ini]
[2021.11.02-14.52.42:496][  0]LogConfig: Setting CVar [[r.HairStrands.SkyLighting.IntegrationType:2]]
[2021.11.02-14.52.42:496][  0]LogConfig: Setting CVar [[r.HairStrands.SkyAO.SampleCount:4]]
[2021.11.02-14.52.42:496][  0]LogConfig: Setting CVar [[r.HairStrands.Visibility.MSAA.SamplePerPixel:4]]
[2021.11.02-14.52.42:497][  0]LogInit: Selected Device Profile: [Windows]
[2021.11.02-14.52.42:497][  0]LogInit: Applying CVar settings loaded from the selected device profile: [Windows]
[2021.11.02-14.52.42:498][  0]LogHAL: Display: Platform has ~ 8 GB [8529383424 / 8589934592 / 8], which maps to Default [LargestMinGB=32, LargerMinGB=12, DefaultMinGB=8, SmallerMinGB=6, SmallestMinGB=0)
[2021.11.02-14.52.42:498][  0]LogInit: Going up to parent DeviceProfile []
[2021.11.02-14.52.42:499][  0]LogConfig: Applying CVar settings from Section [ViewDistanceQuality@3] File [D:/Projects/Unreal/GAME/Saved/Config/Windows/Scalability.ini]
[2021.11.02-14.52.42:499][  0]LogConfig: Setting CVar [[r.SkeletalMeshLODBias:0]]
[2021.11.02-14.52.42:499][  0]LogConfig: Setting CVar [[r.ViewDistanceScale:1.0]]
[2021.11.02-14.52.42:499][  0]LogConfig: Applying CVar settings from Section [AntiAliasingQuality@3] File [D:/Projects/Unreal/GAME/Saved/Config/Windows/Scalability.ini]
[2021.11.02-14.52.42:499][  0]LogConfig: Setting CVar [[r.PostProcessAAQuality:4]]
[2021.11.02-14.52.42:499][  0]LogConfig: Applying CVar settings from Section [ShadowQuality@3] File [D:/Projects/Unreal/GAME/Saved/Config/Windows/Scalability.ini]
[2021.11.02-14.52.42:499][  0]LogConfig: Setting CVar [[r.LightFunctionQuality:1]]
[2021.11.02-14.52.42:499][  0]LogConfig: Setting CVar [[r.ShadowQuality:5]]
[2021.11.02-14.52.42:499][  0]LogConfig: Setting CVar [[r.Shadow.CSM.MaxCascades:10]]
[2021.11.02-14.52.42:499][  0]LogConfig: Setting CVar [[r.Shadow.MaxResolution:2048]]
[2021.11.02-14.52.42:499][  0]LogConfig: Setting CVar [[r.Shadow.MaxCSMResolution:2048]]
[2021.11.02-14.52.42:499][  0]LogConfig: Setting CVar [[r.Shadow.RadiusThreshold:0.01]]
[2021.11.02-14.52.42:499][  0]LogConfig: Setting CVar [[r.Shadow.DistanceScale:1.0]]
[2021.11.02-14.52.42:499][  0]LogConfig: Setting CVar [[r.Shadow.CSM.TransitionScale:1.0]]
[2021.11.02-14.52.42:499][  0]LogConfig: Setting CVar [[r.Shadow.PreShadowResolutionFactor:1.0]]
[2021.11.02-14.52.42:499][  0]LogConfig: Setting CVar [[r.DistanceFieldShadowing:1]]
[2021.11.02-14.52.42:499][  0]LogConfig: Setting CVar [[r.DistanceFieldAO:1]]
[2021.11.02-14.52.42:499][  0]LogConfig: Setting CVar [[r.AOQuality:2]]
[2021.11.02-14.52.42:499][  0]LogConfig: Setting CVar [[r.VolumetricFog:1]]
[2021.11.02-14.52.42:499][  0]LogConfig: Setting CVar [[r.VolumetricFog.GridPixelSize:8]]
[2021.11.02-14.52.42:499][  0]LogConfig: Setting CVar [[r.VolumetricFog.GridSizeZ:128]]
[2021.11.02-14.52.42:499][  0]LogConfig: Setting CVar [[r.VolumetricFog.HistoryMissSupersampleCount:4]]
[2021.11.02-14.52.42:499][  0]LogConfig: Setting CVar [[r.LightMaxDrawDistanceScale:1]]
[2021.11.02-14.52.42:499][  0]LogConfig: Setting CVar [[r.CapsuleShadows:1]]
[2021.11.02-14.52.42:499][  0]LogConfig: Applying CVar settings from Section [PostProcessQuality@3] File [D:/Projects/Unreal/GAME/Saved/Config/Windows/Scalability.ini]
[2021.11.02-14.52.42:499][  0]LogConfig: Setting CVar [[r.MotionBlurQuality:4]]
[2021.11.02-14.52.42:499][  0]LogConfig: Setting CVar [[r.AmbientOcclusionMipLevelFactor:0.4]]
[2021.11.02-14.52.42:499][  0]LogConfig: Setting CVar [[r.AmbientOcclusionMaxQuality:100]]
[2021.11.02-14.52.42:499][  0]LogConfig: Setting CVar [[r.AmbientOcclusionLevels:-1]]
[2021.11.02-14.52.42:499][  0]LogConfig: Setting CVar [[r.AmbientOcclusionRadiusScale:1.0]]
[2021.11.02-14.52.42:499][  0]LogConfig: Setting CVar [[r.DepthOfFieldQuality:2]]
[2021.11.02-14.52.42:499][  0]LogConfig: Setting CVar [[r.RenderTargetPoolMin:400]]
[2021.11.02-14.52.42:499][  0]LogConfig: Setting CVar [[r.LensFlareQuality:2]]
[2021.11.02-14.52.42:499][  0]LogConfig: Setting CVar [[r.SceneColorFringeQuality:1]]
[2021.11.02-14.52.42:499][  0]LogConfig: Setting CVar [[r.EyeAdaptationQuality:2]]
[2021.11.02-14.52.42:499][  0]LogConfig: Setting CVar [[r.BloomQuality:5]]
[2021.11.02-14.52.42:499][  0]LogConfig: Setting CVar [[r.FastBlurThreshold:100]]
[2021.11.02-14.52.42:499][  0]LogConfig: Setting CVar [[r.Upscale.Quality:3]]
[2021.11.02-14.52.42:499][  0]LogConfig: Setting CVar [[r.Tonemapper.GrainQuantization:1]]
[2021.11.02-14.52.42:499][  0]LogConfig: Setting CVar [[r.LightShaftQuality:1]]
[2021.11.02-14.52.42:499][  0]LogConfig: Setting CVar [[r.Filter.SizeScale:1]]
[2021.11.02-14.52.42:499][  0]LogConfig: Setting CVar [[r.Tonemapper.Quality:5]]
[2021.11.02-14.52.42:499][  0]LogConfig: Setting CVar [[r.DOF.Gather.AccumulatorQuality:1        ; higher gathering accumulator quality]]
[2021.11.02-14.52.42:499][  0]LogConfig: Setting CVar [[r.DOF.Gather.PostfilterMethod:1          ; Median3x3 postfilering method]]
[2021.11.02-14.52.42:499][  0]LogConfig: Setting CVar [[r.DOF.Gather.EnableBokehSettings:0       ; no bokeh simulation when gathering]]
[2021.11.02-14.52.42:499][  0]LogConfig: Setting CVar [[r.DOF.Gather.RingCount:4                 ; medium number of samples when gathering]]
[2021.11.02-14.52.42:499][  0]LogConfig: Setting CVar [[r.DOF.Scatter.ForegroundCompositing:1    ; additive foreground scattering]]
[2021.11.02-14.52.42:499][  0]LogConfig: Setting CVar [[r.DOF.Scatter.BackgroundCompositing:2    ; additive background scattering]]
[2021.11.02-14.52.42:499][  0]LogConfig: Setting CVar [[r.DOF.Scatter.EnableBokehSettings:1      ; bokeh simulation when scattering]]
[2021.11.02-14.52.42:499][  0]LogConfig: Setting CVar [[r.DOF.Scatter.MaxSpriteRatio:0.1         ; only a maximum of 10% of scattered bokeh]]
[2021.11.02-14.52.42:499][  0]LogConfig: Setting CVar [[r.DOF.Recombine.Quality:1                ; cheap slight out of focus]]
[2021.11.02-14.52.42:499][  0]LogConfig: Setting CVar [[r.DOF.Recombine.EnableBokehSettings:0    ; no bokeh simulation on slight out of focus]]
[2021.11.02-14.52.42:499][  0]LogConfig: Setting CVar [[r.DOF.TemporalAAQuality:1                ; more stable temporal accumulation]]
[2021.11.02-14.52.42:499][  0]LogConfig: Setting CVar [[r.DOF.Kernel.MaxForegroundRadius:0.025]]
[2021.11.02-14.52.42:499][  0]LogConfig: Setting CVar [[r.DOF.Kernel.MaxBackgroundRadius:0.025]]
[2021.11.02-14.52.42:499][  0]LogConfig: Applying CVar settings from Section [TextureQuality@3] File [D:/Projects/Unreal/GAME/Saved/Config/Windows/Scalability.ini]
[2021.11.02-14.52.42:499][  0]LogConfig: Setting CVar [[r.Streaming.MipBias:0]]
[2021.11.02-14.52.42:499][  0]LogConfig: Setting CVar [[r.Streaming.AmortizeCPUToGPUCopy:0]]
[2021.11.02-14.52.42:499][  0]LogConfig: Setting CVar [[r.Streaming.MaxNumTexturesToStreamPerFrame:0]]
[2021.11.02-14.52.42:499][  0]LogConfig: Setting CVar [[r.Streaming.Boost:1]]
[2021.11.02-14.52.42:499][  0]LogConfig: Setting CVar [[r.MaxAnisotropy:8]]
[2021.11.02-14.52.42:499][  0]LogConfig: Setting CVar [[r.VT.MaxAnisotropy:8]]
[2021.11.02-14.52.42:499][  0]LogConfig: Setting CVar [[r.Streaming.LimitPoolSizeToVRAM:0]]
[2021.11.02-14.52.42:499][  0]LogConfig: Setting CVar [[r.Streaming.PoolSize:1000]]
[2021.11.02-14.52.42:499][  0]LogConfig: Setting CVar [[r.Streaming.MaxEffectiveScreenSize:0]]
[2021.11.02-14.52.42:500][  0]LogConfig: Applying CVar settings from Section [EffectsQuality@3] File [D:/Projects/Unreal/GAME/Saved/Config/Windows/Scalability.ini]
[2021.11.02-14.52.42:500][  0]LogConfig: Setting CVar [[r.TranslucencyLightingVolumeDim:64]]
[2021.11.02-14.52.42:500][  0]LogConfig: Setting CVar [[r.RefractionQuality:2]]
[2021.11.02-14.52.42:500][  0]LogConfig: Setting CVar [[r.SSR.Quality:3]]
[2021.11.02-14.52.42:500][  0]LogConfig: Setting CVar [[r.SSR.HalfResSceneColor:0]]
[2021.11.02-14.52.42:500][  0]LogConfig: Setting CVar [[r.SceneColorFormat:4]]
[2021.11.02-14.52.42:500][  0]LogConfig: Setting CVar [[r.DetailMode:2]]
[2021.11.02-14.52.42:500][  0]LogConfig: Setting CVar [[r.TranslucencyVolumeBlur:1]]
[2021.11.02-14.52.42:500][  0]LogConfig: Setting CVar [[r.MaterialQualityLevel:1 ; High quality]]
[2021.11.02-14.52.42:500][  0]LogConfig: Setting CVar [[r.AnisotropicMaterials:1]]
[2021.11.02-14.52.42:500][  0]LogConfig: Setting CVar [[r.SSS.Scale:1]]
[2021.11.02-14.52.42:500][  0]LogConfig: Setting CVar [[r.SSS.SampleSet:2]]
[2021.11.02-14.52.42:500][  0]LogConfig: Setting CVar [[r.SSS.Quality:1]]
[2021.11.02-14.52.42:500][  0]LogConfig: Setting CVar [[r.SSS.HalfRes:0]]
[2021.11.02-14.52.42:500][  0]LogConfig: Setting CVar [[r.SSGI.Quality:3]]
[2021.11.02-14.52.42:500][  0]LogConfig: Setting CVar [[r.EmitterSpawnRateScale:1.0]]
[2021.11.02-14.52.42:500][  0]LogConfig: Setting CVar [[r.ParticleLightQuality:2]]
[2021.11.02-14.52.42:500][  0]LogConfig: Setting CVar [[r.SkyAtmosphere.AerialPerspectiveLUT.FastApplyOnOpaque:1 ; Always have FastSkyLUT 1 in this case to avoid wrong sky]]
[2021.11.02-14.52.42:500][  0]LogConfig: Setting CVar [[r.SkyAtmosphere.AerialPerspectiveLUT.SampleCountMaxPerSlice:4]]
[2021.11.02-14.52.42:500][  0]LogConfig: Setting CVar [[r.SkyAtmosphere.AerialPerspectiveLUT.DepthResolution:16.0]]
[2021.11.02-14.52.42:500][  0]LogConfig: Setting CVar [[r.SkyAtmosphere.FastSkyLUT:1]]
[2021.11.02-14.52.42:500][  0]LogConfig: Setting CVar [[r.SkyAtmosphere.FastSkyLUT.SampleCountMin:4.0]]
[2021.11.02-14.52.42:500][  0]LogConfig: Setting CVar [[r.SkyAtmosphere.FastSkyLUT.SampleCountMax:128.0]]
[2021.11.02-14.52.42:500][  0]LogConfig: Setting CVar [[r.SkyAtmosphere.SampleCountMin:4.0]]
[2021.11.02-14.52.42:500][  0]LogConfig: Setting CVar [[r.SkyAtmosphere.SampleCountMax:128.0]]
[2021.11.02-14.52.42:500][  0]LogConfig: Setting CVar [[r.SkyAtmosphere.TransmittanceLUT.UseSmallFormat:0]]
[2021.11.02-14.52.42:500][  0]LogConfig: Setting CVar [[r.SkyAtmosphere.TransmittanceLUT.SampleCount:10.0]]
[2021.11.02-14.52.42:500][  0]LogConfig: Setting CVar [[r.SkyAtmosphere.MultiScatteringLUT.SampleCount:15.0]]
[2021.11.02-14.52.42:500][  0]LogConfig: Setting CVar [[r.SkyLight.RealTimeReflectionCapture:1]]
[2021.11.02-14.52.42:500][  0]LogConfig: Applying CVar settings from Section [FoliageQuality@3] File [D:/Projects/Unreal/GAME/Saved/Config/Windows/Scalability.ini]
[2021.11.02-14.52.42:500][  0]LogConfig: Setting CVar [[foliage.DensityScale:1.0]]
[2021.11.02-14.52.42:500][  0]LogConfig: Setting CVar [[grass.DensityScale:1.0]]
[2021.11.02-14.52.42:500][  0]LogConfig: Applying CVar settings from Section [ShadingQuality@3] File [D:/Projects/Unreal/GAME/Saved/Config/Windows/Scalability.ini]
[2021.11.02-14.52.42:500][  0]LogConfig: Setting CVar [[r.HairStrands.SkyLighting.IntegrationType:2]]
[2021.11.02-14.52.42:500][  0]LogConfig: Setting CVar [[r.HairStrands.SkyAO.SampleCount:4]]
[2021.11.02-14.52.42:500][  0]LogConfig: Setting CVar [[r.HairStrands.Visibility.MSAA.SamplePerPixel:4]]
[2021.11.02-14.52.42:500][  0]LogConfig: Applying CVar settings from Section [Startup] File [../../../Engine/Config/ConsoleVariables.ini]
[2021.11.02-14.52.42:505][  0]LogConfig: Setting CVar [[net.UseAdaptiveNetUpdateFrequency:0]]
[2021.11.02-14.52.42:505][  0]LogConfig: Setting CVar [[p.chaos.AllowCreatePhysxBodies:1]]
[2021.11.02-14.52.42:505][  0]LogConfig: Setting CVar [[fx.SkipVectorVMBackendOptimizations:1]]
[2021.11.02-14.52.42:505][  0]LogConfig: Applying CVar settings from Section [ConsoleVariables] File [D:/Projects/Unreal/GAME/Saved/Config/Windows/Engine.ini]
[2021.11.02-14.52.42:505][  0]LogConfig: Applying CVar settings from Section [ConsoleVariables] File [D:/Projects/Unreal/GAME/Saved/Config/Windows/Editor.ini]
[2021.11.02-14.52.42:506][  0]LogInit: Computer: DESKTOP-RODFIR5
[2021.11.02-14.52.42:506][  0]LogInit: User: eldar
[2021.11.02-14.52.42:506][  0]LogInit: CPU Page size=4096, Cores=6
[2021.11.02-14.52.42:506][  0]LogInit: High frequency timer resolution =10.000000 MHz
[2021.11.02-14.52.42:506][  0]LogMemory: Memory total: Physical=7.9GB (8GB approx)
[2021.11.02-14.52.42:507][  0]LogMemory: Platform Memory Stats for Windows
[2021.11.02-14.52.42:507][  0]LogMemory: Process Physical Memory: 143.46 MB used, 143.46 MB peak
[2021.11.02-14.52.42:507][  0]LogMemory: Process Virtual Memory: 113.91 MB used, 113.91 MB peak
[2021.11.02-14.52.42:507][  0]LogMemory: Physical Memory: 4731.93 MB used,  3402.32 MB free, 8134.25 MB total
[2021.11.02-14.52.42:507][  0]LogMemory: Virtual Memory: 134207536.00 MB used,  10195.26 MB free, 134217728.00 MB total
[2021.11.02-14.52.42:512][  0]LogWindows: WindowsPlatformFeatures enabled
[2021.11.02-14.52.42:701][  0]LogInit: Physics initialised using underlying interface: PhysX
[2021.11.02-14.52.42:704][  0]LogInit: Using OS detected language (ru-RU).
[2021.11.02-14.52.42:704][  0]LogInit: Using OS detected locale (ru-RU).
[2021.11.02-14.52.42:719][  0]LogTextLocalizationManager: No specific localization for 'ru-RU' exists, so the 'ru' localization will be used.
[2021.11.02-14.52.42:729][  0]LogTextLocalizationResource: LocRes '../../../Engine/Content/Localization/Editor/ru/Editor.locres' could not be opened for reading!
[2021.11.02-14.52.42:729][  0]LogTextLocalizationResource: LocRes '../../../Engine/Content/Localization/EditorTutorials/ru/EditorTutorials.locres' could not be opened for reading!
[2021.11.02-14.52.42:729][  0]LogTextLocalizationResource: LocRes '../../../Engine/Content/Localization/Keywords/ru/Keywords.locres' could not be opened for reading!
[2021.11.02-14.52.42:729][  0]LogTextLocalizationResource: LocRes '../../../Engine/Content/Localization/Category/ru/Category.locres' could not be opened for reading!
[2021.11.02-14.52.42:730][  0]LogTextLocalizationResource: LocRes '../../../Engine/Content/Localization/ToolTips/ru/ToolTips.locres' could not be opened for reading!
[2021.11.02-14.52.42:730][  0]LogTextLocalizationResource: LocRes '../../../Engine/Content/Localization/PropertyNames/ru/PropertyNames.locres' could not be opened for reading!
[2021.11.02-14.52.42:730][  0]LogTextLocalizationResource: LocRes '../../../Engine/Content/Localization/Engine/ru/Engine.locres' could not be opened for reading!
[2021.11.02-14.52.42:755][  0]LogInit: Setting process to per monitor DPI aware
[2021.11.02-14.52.42:790][  0]LogWindowsTextInputMethodSystem: Display: IME system deactivated.
[2021.11.02-14.52.42:847][  0]LogSlate: New Slate User Created.  User Index 0, Is Virtual User: 0
[2021.11.02-14.52.42:847][  0]LogSlate: Slate User Registered.  User Index 0, Is Virtual User: 0
[2021.11.02-14.52.45:619][  0]LogD3D11RHI: Loaded GFSDK_Aftermath_Lib.x64.dll
[2021.11.02-14.52.45:623][  0]LogHMD: Failed to initialize OpenVR with code 110
[2021.11.02-14.52.45:623][  0]LogD3D11RHI: D3D11 min allowed feature level: 11_0
[2021.11.02-14.52.45:623][  0]LogD3D11RHI: D3D11 max allowed feature level: 11_0
[2021.11.02-14.52.45:623][  0]LogD3D11RHI: D3D11 adapters:
[2021.11.02-14.52.45:715][  0]LogD3D11RHI:    0. 'NVIDIA GeForce GTX 1650 SUPER' (Feature Level 11_0)
[2021.11.02-14.52.45:715][  0]LogD3D11RHI:       3955/0/4067 MB DedicatedVideo/DedicatedSystem/SharedSystem, Outputs:2, VendorId:0x10de
[2021.11.02-14.52.45:717][  0]LogD3D11RHI:    1. 'Microsoft Basic Render Driver' (Feature Level 11_0)
[2021.11.02-14.52.45:717][  0]LogD3D11RHI:       0/0/4067 MB DedicatedVideo/DedicatedSystem/SharedSystem, Outputs:0, VendorId:0x1414
[2021.11.02-14.52.45:717][  0]LogD3D11RHI: Chosen D3D11 Adapter:
[2021.11.02-14.52.45:717][  0]LogD3D11RHI:     Description : NVIDIA GeForce GTX 1650 SUPER
[2021.11.02-14.52.45:717][  0]LogD3D11RHI:     VendorId    : 10de
[2021.11.02-14.52.45:717][  0]LogD3D11RHI:     DeviceId    : 2187
[2021.11.02-14.52.45:717][  0]LogD3D11RHI:     SubSysId    : 218710de
[2021.11.02-14.52.45:717][  0]LogD3D11RHI:     Revision    : 00a1
[2021.11.02-14.52.45:717][  0]LogD3D11RHI:     DedicatedVideoMemory : 4147118080 bytes
[2021.11.02-14.52.45:717][  0]LogD3D11RHI:     DedicatedSystemMemory : 0 bytes
[2021.11.02-14.52.45:717][  0]LogD3D11RHI:     SharedSystemMemory : 4264691712 bytes
[2021.11.02-14.52.45:717][  0]LogD3D11RHI:     AdapterLuid : 0 35695
[2021.11.02-14.52.45:723][  0]LogD3D11RHI: Creating new Direct3DDevice
[2021.11.02-14.52.45:723][  0]LogD3D11RHI:     GPU DeviceId: 0x2187 (for the marketing name, search the web for "GPU Device Id")
[2021.11.02-14.52.45:723][  0]LogWindows: EnumDisplayDevices:
[2021.11.02-14.52.45:724][  0]LogWindows:    0. 'NVIDIA GeForce GTX 1650 SUPER' (P:0 D:1)
[2021.11.02-14.52.45:724][  0]LogWindows:    1. 'NVIDIA GeForce GTX 1650 SUPER' (P:1 D:1)
[2021.11.02-14.52.45:724][  0]LogWindows:    2. 'NVIDIA GeForce GTX 1650 SUPER' (P:0 D:0)
[2021.11.02-14.52.45:724][  0]LogWindows:    3. 'NVIDIA GeForce GTX 1650 SUPER' (P:0 D:0)
[2021.11.02-14.52.45:724][  0]LogWindows: DebugString: FoundDriverCount:4 
[2021.11.02-14.52.45:724][  0]LogD3D11RHI:     Adapter Name: NVIDIA GeForce GTX 1650 SUPER
[2021.11.02-14.52.45:725][  0]LogD3D11RHI:   Driver Version: 456.71 (internal:27.21.14.5671, unified:456.71)
[2021.11.02-14.52.45:725][  0]LogD3D11RHI:      Driver Date: 9-30-2020
[2021.11.02-14.52.45:725][  0]LogRHI: Texture pool is 2768 MB (70% of 3955 MB)
[2021.11.02-14.52.45:725][  0]LogD3D11RHI: Creating D3DDevice using adapter:
[2021.11.02-14.52.45:725][  0]LogD3D11RHI:     Description : NVIDIA GeForce GTX 1650 SUPER
[2021.11.02-14.52.45:725][  0]LogD3D11RHI:     VendorId    : 10de
[2021.11.02-14.52.45:725][  0]LogD3D11RHI:     DeviceId    : 2187
[2021.11.02-14.52.45:725][  0]LogD3D11RHI:     SubSysId    : 218710de
[2021.11.02-14.52.45:725][  0]LogD3D11RHI:     Revision    : 00a1
[2021.11.02-14.52.45:725][  0]LogD3D11RHI:     DedicatedVideoMemory : 4147118080 bytes
[2021.11.02-14.52.45:725][  0]LogD3D11RHI:     DedicatedSystemMemory : 0 bytes
[2021.11.02-14.52.45:725][  0]LogD3D11RHI:     SharedSystemMemory : 4264691712 bytes
[2021.11.02-14.52.45:725][  0]LogD3D11RHI:     AdapterLuid : 0 35695
[2021.11.02-14.52.45:785][  0]LogD3D11RHI: RHI has support for 64 bit atomics
[2021.11.02-14.52.45:786][  0]LogD3D11RHI: Async texture creation enabled
[2021.11.02-14.52.45:786][  0]LogD3D11RHI: Array index from any shader is supported
[2021.11.02-14.52.45:834][  0]LogD3D11RHI: GPU Timing Frequency: 1000.000000 (Debug: 2 2)
[2021.11.02-14.52.45:895][  0]LogRHI: GeForceNow SDK initialized: 1
[2021.11.02-14.52.46:242][  0]LogTargetPlatformManager: Display: Loaded TargetPlatform 'AllDesktop'
[2021.11.02-14.52.46:263][  0]LogTargetPlatformManager: Display: Loaded TargetPlatform 'Android'
[2021.11.02-14.52.46:263][  0]LogTargetPlatformManager: Display: Loaded TargetPlatform 'Android_ASTC'
[2021.11.02-14.52.46:263][  0]LogTargetPlatformManager: Display: Loaded TargetPlatform 'Android_DXT'
[2021.11.02-14.52.46:263][  0]LogTargetPlatformManager: Display: Loaded TargetPlatform 'Android_ETC2'
[2021.11.02-14.52.46:263][  0]LogTargetPlatformManager: Display: Loaded TargetPlatform 'AndroidClient'
[2021.11.02-14.52.46:263][  0]LogTargetPlatformManager: Display: Loaded TargetPlatform 'Android_ASTCClient'
[2021.11.02-14.52.46:263][  0]LogTargetPlatformManager: Display: Loaded TargetPlatform 'Android_DXTClient'
[2021.11.02-14.52.46:263][  0]LogTargetPlatformManager: Display: Loaded TargetPlatform 'Android_ETC2Client'
[2021.11.02-14.52.46:263][  0]LogTargetPlatformManager: Display: Loaded TargetPlatform 'Android_Multi'
[2021.11.02-14.52.46:263][  0]LogTargetPlatformManager: Display: Loaded TargetPlatform 'Android_MultiClient'
[2021.11.02-14.52.46:284][  0]LogTargetPlatformManager: Display: Loaded TargetPlatform 'IOSClient'
[2021.11.02-14.52.46:284][  0]LogTargetPlatformManager: Display: Loaded TargetPlatform 'IOS'
[2021.11.02-14.52.46:302][  0]LogTargetPlatformManager: Display: Loaded TargetPlatform 'Linux'
[2021.11.02-14.52.46:307][  0]LogTargetPlatformManager: Display: Loaded TargetPlatform 'LinuxNoEditor'
[2021.11.02-14.52.46:312][  0]LogTargetPlatformManager: Display: Loaded TargetPlatform 'LinuxClient'
[2021.11.02-14.52.46:317][  0]LogTargetPlatformManager: Display: Loaded TargetPlatform 'LinuxServer'
[2021.11.02-14.52.46:331][  0]LogTargetPlatformManager: Display: Loaded TargetPlatform 'LinuxAArch64NoEditor'
[2021.11.02-14.52.46:336][  0]LogTargetPlatformManager: Display: Loaded TargetPlatform 'LinuxAArch64Client'
[2021.11.02-14.52.46:341][  0]LogTargetPlatformManager: Display: Loaded TargetPlatform 'LinuxAArch64Server'
[2021.11.02-14.52.46:369][  0]LogTargetPlatformManager: Display: Loaded TargetPlatform 'Lumin'
[2021.11.02-14.52.46:370][  0]LogTargetPlatformManager: Display: Loaded TargetPlatform 'LuminClient'
[2021.11.02-14.52.46:387][  0]LogTargetPlatformManager: Display: Loaded TargetPlatform 'MacNoEditor'
[2021.11.02-14.52.46:391][  0]LogTargetPlatformManager: Display: Loaded TargetPlatform 'Mac'
[2021.11.02-14.52.46:396][  0]LogTargetPlatformManager: Display: Loaded TargetPlatform 'MacClient'
[2021.11.02-14.52.46:400][  0]LogTargetPlatformManager: Display: Loaded TargetPlatform 'MacServer'
[2021.11.02-14.52.46:410][  0]LogTargetPlatformManager: Display: Loaded TargetPlatform 'TVOSClient'
[2021.11.02-14.52.46:410][  0]LogTargetPlatformManager: Display: Loaded TargetPlatform 'TVOS'
[2021.11.02-14.52.46:420][  0]LogTargetPlatformManager: Display: Loaded TargetPlatform 'WindowsNoEditor'
[2021.11.02-14.52.46:426][  0]LogTargetPlatformManager: Display: Loaded TargetPlatform 'Windows'
[2021.11.02-14.52.46:431][  0]LogTargetPlatformManager: Display: Loaded TargetPlatform 'WindowsClient'
[2021.11.02-14.52.46:436][  0]LogTargetPlatformManager: Display: Loaded TargetPlatform 'WindowsServer'
[2021.11.02-14.52.46:436][  0]LogTargetPlatformManager: Display: Building Assets For Windows
[2021.11.02-14.52.46:487][  0]LogAudioDebug: Display: Lib vorbis DLL was dynamically loaded.
[2021.11.02-14.52.46:564][  0]LogTextureFormatOodle: Display: Oodle Texture 2.9.0 init RDO Off
[2021.11.02-14.52.46:685][  0]LogRendererCore: Ray tracing is disabled. Reason: r.RayTracing=0.
[2021.11.02-14.52.46:686][  0]LogShaderCompilers: Guid format shader working directory is 21 characters bigger than the processId version (D:/Projects/Unreal/GAME/Intermediate/Shaders/WorkingDirectory/763364/).
[2021.11.02-14.52.46:686][  0]LogShaderCompilers: Cleaned the shader compiler working directory 'C:/Users/eldar/AppData/Local/Temp/UnrealShaderWorkingDir/49965F7A43EC44D09A412ABA51C847EC/'.
[2021.11.02-14.52.46:687][  0]LogXGEController: Cannot use XGE Controller as Incredibuild is not installed on this machine.
[2021.11.02-14.52.46:688][  0]LogShaderCompilers: Cannot use XGE Shader Compiler as Incredibuild is not installed on this machine.
[2021.11.02-14.52.46:688][  0]LogShaderCompilers: Display: Using Local Shader Compiler.
[2021.11.02-14.52.49:999][  0]LogDerivedDataCache: Display: Max Cache Size: 512 MB
[2021.11.02-14.52.50:116][  0]LogDerivedDataCache: Loaded boot cache 0.12s 94MB C:/Users/eldar/AppData/Local/UnrealEngine/4.27/DerivedDataCache/Boot.ddc.
[2021.11.02-14.52.50:116][  0]LogDerivedDataCache: Display: Loaded Boot cache: C:/Users/eldar/AppData/Local/UnrealEngine/4.27/DerivedDataCache/Boot.ddc
[2021.11.02-14.52.50:116][  0]LogDerivedDataCache: FDerivedDataBackendGraph:  Pak pak cache file D:/Projects/Unreal/GAME/DerivedDataCache/DDC.ddp not found, will not use a pak cache.
[2021.11.02-14.52.50:116][  0]LogDerivedDataCache: Unable to find inner node Pak for hierarchical cache Hierarchy.
[2021.11.02-14.52.50:116][  0]LogDerivedDataCache: FDerivedDataBackendGraph:  CompressedPak pak cache file D:/Projects/Unreal/GAME/DerivedDataCache/Compressed.ddp not found, will not use a pak cache.
[2021.11.02-14.52.50:116][  0]LogDerivedDataCache: Unable to find inner node CompressedPak for hierarchical cache Hierarchy.
[2021.11.02-14.52.50:140][  0]LogDerivedDataCache: Display: Pak cache opened for reading ../../../Engine/DerivedDataCache/Compressed.ddp.
[2021.11.02-14.52.50:140][  0]LogDerivedDataCache: FDerivedDataBackendGraph:  EnterprisePak pak cache file ../../../Enterprise/DerivedDataCache/Compressed.ddp not found, will not use a pak cache.
[2021.11.02-14.52.50:141][  0]LogDerivedDataCache: Unable to find inner node EnterprisePak for hierarchical cache Hierarchy.
[2021.11.02-14.52.50:196][  0]LogDerivedDataCache: Speed tests for C:/Users/eldar/AppData/Local/UnrealEngine/Common/DerivedDataCache took 0.06 seconds
[2021.11.02-14.52.50:196][  0]LogDerivedDataCache: Display: Performance to C:/Users/eldar/AppData/Local/UnrealEngine/Common/DerivedDataCache: Latency=0.21ms. RandomReadSpeed=18.99MBs, RandomWriteSpeed=209.13MBs. Assigned SpeedClass 'Local'
[2021.11.02-14.52.50:198][  0]LogDerivedDataCache: Using Local data cache path C:/Users/eldar/AppData/Local/UnrealEngine/Common/DerivedDataCache: Writable
[2021.11.02-14.52.50:198][  0]LogDerivedDataCache: Shared data cache path not found in *engine.ini, will not use an Shared cache.
[2021.11.02-14.52.50:198][  0]LogDerivedDataCache: Unable to find inner node Shared for hierarchical cache Hierarchy.
[2021.11.02-14.52.50:256][  0]LogSlate: Using FreeType 2.10.0
[2021.11.02-14.52.50:270][  0]LogSlate: SlateFontServices - WITH_FREETYPE: 1, WITH_HARFBUZZ: 1
[2021.11.02-14.52.50:311][  0]LogAssetRegistry: FAssetRegistry took 0.0048 seconds to start up
[2021.11.02-14.52.50:710][  0]LogInit: Selected Device Profile: [Windows]
[2021.11.02-14.52.50:710][  0]LogInit: Active device profile: [000002A53F38BB00][000002A53B316940 49] Windows
[2021.11.02-14.52.50:710][  0]LogInit: Profiles: [000002A53F38BB00][000002A53B316940 49] Windows, [000002A53F32C900][000002A53D4B2AC0 49] WindowsNoEditor, [000002A53F388900][000002A53D4B6C40 49] WindowsServer, [000002A53F32F900][000002A53D4BADC0 49] WindowsClient, [000002A53F38B900][000002A53D4BEF40 49] IOS, [000002A53F32C100][000002A53D4C30C0 49] iPadAir, [000002A53F388500][000002A53D4C7240 49] iPadAir2, [000002A53F2E8E00][000002A53D4CF500 49] IPadPro, [000002A53F2E8F00][000002A53D4CB540 49] iPadAir3, [000002A53F38B700][000002A53D4D36C0 49] iPadAir4, [000002A53F2E8B00][000002A53D4D7840 49] iPadMini2, [000002A53F388400][000002A53D4DB9C0 49] iPadMini3, [000002A53F2E9700][000002A53DB57B40 49] iPadMini4, [000002A53F38B600][000002A53DB5A140 49] iPadMini5, [000002A53F32F000][000002A53DB62400 49] iPhone6, [000002A53F32EF00][000002A53DB5E440 49] iPodTouch6, [000002A53F2EB700][000002A53DB6A700 49] iPhone7, [000002A53F2EB600][000002A53DB66740 49] iPodTouch7, [000002A53F32FE00][000002A53D4AE880 49] iPhone5S, [000002A53F2E8600][000002A53DB6E9C0 49] iPhone6Plus, [000002A53F32CF00][000002A53DB72B00 49] iPhone6S, [000002A53F2EB100][000002A53DB7AC80 49] iPhone6SPlus, [000002A53F32C300][000002A53DB7EE00 49] iPhone7Plus, [000002A53F2E8200][000002A53DB82F80 49] iPhoneSE, [000002A53F32E400][000002A53DB87100 49] iPhone8, [000002A53F2EAC00][000002A53DB8B280 49] iPhone8Plus, [000002A53F32CB00][000002A53DB8F400 49] iPhoneX, [000002A53F2E9000][000002A53DB93580 49] iPhoneXS, [000002A53F32E100][000002A53DB97700 49] iPhoneXSMax, [000002A53F2EA900][000002A53DB9B880 49] iPhoneXR, [000002A53F32C800][000002A53DB9FA00 49] iPhone11, [000002A53F2E8300][000002A53DBA3B80 49] iPhone11Pro, [000002A53F32DD00][000002A53DBA6180 49] iPhone11ProMax, [000002A53F2E8900][000002A53DBAA300 49] iPhoneSE2, [000002A53F32E700][000002A53DBAE480 49] iPhone12Mini, [000002A53F2E9B00][000002A53DBB2600 49] iPhone12, [000002A53F32DB00][000002A53DBB6780 49] iPhone12Pro, [000002A53F2E8C00][000002A53DBBA900 49] iPhone12ProMax, [000002A53F32EB00][000002A53DB76A40 49] iPadPro105, [000002A53F2E9D00][000002A53DBBEB80 49] iPadPro129, [000002A53F32F500][000002A53DBC2CC0 49] iPadPro97, [000002A53F2EA400][000002A53DBCAE40 49] iPadPro2_129, [000002A53F32D500][000002A53DBCEFC0 49] iPad5, [000002A53F2EA700][000002A53DBD3140 49] iPad6, [000002A53F32DA00][000002A53DBD72C0 49] iPad7, [000002A53F2EB000][000002A53DBDB440 49] iPad8, [000002A53F32D800][000002A53DBDF5C0 49] iPadPro11, [000002A53F2EA100][000002A53DBE3740 49] iPadPro2_11, [000002A53F32D400][000002A53DBE78C0 49] iPadPro3_129, [000002A53F2E9800][000002A53DBEBA40 49] iPadPro4_129, [000002A53F32E200][000002A53DBEFBC0 49] AppleTV, [000002A53F2EAB00][000002A53DBF21C0 49] AppleTV4K, [000002A53F32FC00][000002A53DBF6340 49] TVOS, [000002A53F2EBF00][000002A53DBFA4C0 49] Mac, [000002A53F32EC00][000002A53DBFE640 49] MacClient, [000002A53F2EB300][000002A53DC027C0 49] MacNoEditor, [000002A53F32E900][000002A53DC06940 49] MacServer, [000002A53F2E8400][000002A53DC0AAC0 49] Linux, [000002A53F32CD00][000002A53DBC6C00 49] LinuxAArch64, [000002A53F2E9200][000002A53DC0ED40 49] LinuxNoEditor, [000002A53F32D000][000002A53DC12E80 49] LinuxAArch64NoEditor, [000002A53F2EA500][000002A53DC16FC0 49] LinuxClient, [000002A53F32DF00][000002A53DC1F140 49] LinuxAArch64Client, [000002A53F2EA000][000002A53DC232C0 49] LinuxServer, [000002A53F32D200][000002A53DC27440 49] LinuxAArch64Server, [000002A53F2EB800][000002A53DC2B5C0 49] Android, [000002A53F32C700][000002A53DC2F740 49] Android_Low, [000002A53F388A00][000002A53DC338C0 49] Android_Mid, [000002A53F3B5600][000002A53DC37A40 49] Android_High, [000002A53F38A800][000002A53DC3BBC0 49] Android_Default, [000002A53F3B5300][000002A53DC3E1C0 49] Android_Adreno4xx, [000002A53F38B200][000002A53DC42340 49] Android_Adreno5xx_Low, [000002A53F3B5000][000002A53DC464C0 49] Android_Adreno5xx, [000002A53F38AA00][000002A53DC4A640 49] Android_Adreno6xx, [000002A53F3B5E00][000002A53DC4E7C0 49] Android_Adreno6xx_Vulkan, [000002A53F388800][000002A53DC52940 49] Android_Mali_T6xx, [000002A53F3B4B00][000002A53DC56AC0 49] Android_Mali_T7xx, [000002A53F38A300][000002A53DC5AC40 49] Android_Mali_T8xx, [000002A53F3B6300][000002A53DC1AD80 49] Android_Mali_G71, [000002A53F388B00][000002A53DC5EEC0 49] Android_Mali_G72, [000002A53F3B4800][000002A53DC63000 49] Android_Mali_G72_Vulkan, [000002A53F389900][000002A53DC67140 49] Android_Mali_G76, [000002A53F3B4500][000002A53DC6F2C0 49] Android_Mali_G76_Vulkan, [000002A53F38B300][000002A53DC73440 49] Android_Mali_G77, [000002A53F3B5C00][000002A53DC775C0 49] Android_Mali_G77_Vulkan, [000002A53F388100][000002A53DC7B740 49] Android_Mali_G78, [000002A53F3B5200][000002A53DC7F8C0 49] Android_Mali_G78_Vulkan, [000002A53F32D300][000002A53DC83A40 49] Android_Mali_G710, [000002A53F2E8800][000002A53DC87BC0 49] Android_Mali_G710_Vulkan, [000002A53F32E300][000002A53DC8A1C0 49] Android_Vulkan_SM5, [000002A53F2E9300][000002A53DC8E340 49] Android_PowerVR_G6xxx, [000002A53F32D700][000002A53DC924C0 49] Android_PowerVR_GT7xxx, [000002A53F3B5D00][000002A53DC96640 49] Android_PowerVR_GE8xxx, [000002A53F32E800][000002A53DC9A7C0 49] Android_PowerVR_GM9xxx, [000002A53F3B4F00][000002A53DC9E940 49] Android_PowerVR_GM9xxx_Vulkan, [000002A53F32CC00][000002A53DCA2AC0 49] Android_TegraK1, [000002A53F3B4400][000002A53DCA6C40 49] Android_Unknown_Vulkan, [000002A53F32D900][000002A53DCAADC0 49] Lumin, [000002A53F3B5400][000002A53DCAEF40 49] Lumin_Desktop, [000002A53F32DC00][000002A53DC6B080 49] HoloLens, 
[2021.11.02-14.52.51:006][  0]LogMeshReduction: Using QuadricMeshReduction for automatic static mesh reduction
[2021.11.02-14.52.51:006][  0]LogMeshReduction: Using SimplygonMeshReduction for automatic skeletal mesh reduction
[2021.11.02-14.52.51:006][  0]LogMeshReduction: Using ProxyLODMeshReduction for automatic mesh merging
[2021.11.02-14.52.51:006][  0]LogMeshReduction: No distributed automatic mesh merging module available
[2021.11.02-14.52.51:006][  0]LogMeshMerging: No distributed automatic mesh merging module available
[2021.11.02-14.52.51:072][  0]LogNetVersion: BOO 1.0.0, NetCL: 17155196, EngineNetVer: 17, GameNetVer: 0 (Checksum: 1687251867)
[2021.11.02-14.52.52:446][  0]LogTexture: Default maximum texture size for cubemaps generated from long-lat sources has been changed from 512 to unlimited. In order to preserve old behaiour for '/Engine/MapTemplates/Sky/DaylightAmbientCubemap.DaylightAmbientCubemap', its maximum texture size has been explicitly set to 512.
[2021.11.02-14.52.52:596][  0]LogHMD: PokeAHoleMaterial loaded successfully
[2021.11.02-14.52.52:604][  0]LogUObjectArray: 17186 objects as part of root set at end of initial load.
[2021.11.02-14.52.52:604][  0]LogUObjectAllocator: 4305312 out of 0 bytes used by permanent object pool.
[2021.11.02-14.52.52:604][  0]LogUObjectArray: CloseDisregardForGC: 0/0 objects in disregard for GC pool
[2021.11.02-14.52.53:014][  0]LogNiagaraDebuggerClient: Niagara Debugger Client Initialized | Session: 6E8FEE2047FC7BF17B971C87999ABB14 | Instance: 7ED2CC8748AC5FF43E1C96A3522A846D (DESKTOP-RODFIR5-763364).
[2021.11.02-14.52.53:079][  0]LogImageWrapper: Warning: PNG Warning: Duplicate iCCP chunk
[2021.11.02-14.52.53:080][  0]LogImageWrapper: Warning: PNG Warning: Duplicate iCCP chunk
[2021.11.02-14.52.53:618][  0]LogTcpMessaging: Initializing TcpMessaging bridge
[2021.11.02-14.52.53:629][  0]LogUdpMessaging: Initializing bridge on interface 0.0.0.0:0 to multicast group 230.0.0.1:6666.
[2021.11.02-14.52.53:649][  0]LogPython: Using Python 3.7.7
[2021.11.02-14.52.54:689][  0]SourceControl: Source control is disabled
[2021.11.02-14.52.55:132][  0]LogUProjectInfo: Found projects:
[2021.11.02-14.52.55:708][  0]LogOpenImageDenoise: OIDN starting up
[2021.11.02-14.52.55:733][  0]LogAndroidPermission: UAndroidPermissionCallbackProxy::GetInstance
[2021.11.02-14.52.55:762][  0]LogAudioCaptureCore: Display: No Audio Capture implementations found. Audio input will be silent.
[2021.11.02-14.52.55:762][  0]LogAudioCaptureCore: Display: No Audio Capture implementations found. Audio input will be silent.
[2021.11.02-14.52.56:158][  0]LogCollectionManager: Loaded 0 collections in 0.001995 seconds
[2021.11.02-14.52.56:208][  0]LogFileCache: Scanning file cache for directory 'D:/Projects/Unreal/GAME/Saved/Collections/' took 0.00s
[2021.11.02-14.52.56:208][  0]LogFileCache: Scanning file cache for directory 'D:/Projects/Unreal/GAME/Content/Developers/eldar/Collections/' took 0.00s
[2021.11.02-14.52.56:208][  0]LogFileCache: Scanning file cache for directory 'D:/Projects/Unreal/GAME/Content/Collections/' took 0.00s
[2021.11.02-14.52.56:208][  0]LogOcInput: OculusInput pre-init called
[2021.11.02-14.52.56:570][  0]LogImageWrapper: Warning: PNG Warning: Duplicate iCCP chunk
[2021.11.02-14.52.56:570][  0]LogImageWrapper: Warning: PNG Warning: Duplicate iCCP chunk
[2021.11.02-14.52.56:570][  0]LogEngine: Initializing Engine...
[2021.11.02-14.52.56:609][  0]LogHMD: Failed to enumerate extensions. Please check that you have a valid OpenXR runtime installed.
[2021.11.02-14.52.56:609][  0]LogHMD: Failed to initialize OpenVR with code 110
[2021.11.02-14.52.56:609][  0]LogMagicLeap: Warning: VR disabled because ZI is not enabled.  To enable, in the editor, Edit -> Project Settings -> Plugins -> Magic Leap Plugin -> Enable Zero Iteration
[2021.11.02-14.52.56:612][  0]LogStats: UGameplayTagsManager::InitializeManager -  0.001 s
[2021.11.02-14.52.56:928][  0]LogLinker: Warning: Failed to load '/Game/TPSAT/Fonts/Inkfree_Font': Can't find file.
[2021.11.02-14.52.56:929][  0]LogLinker: Warning: Failed to load '/Game/TPSAT/Fonts/Inkfree_Font': Can't find file.
[2021.11.02-14.52.56:929][  0]LogUObjectGlobals: Warning: Failed to find object 'Font /Game/TPSAT/Fonts/Inkfree_Font.Inkfree_Font'
[2021.11.02-14.52.56:943][  0]LogInit: Initializing FReadOnlyCVARCache
[2021.11.02-14.52.56:973][  0]LogAIModule: Creating AISystem for world Untitled
[2021.11.02-14.52.56:976][  0]LogAudio: Display: Initializing Audio Device Manager...
[2021.11.02-14.52.56:980][  0]LogAudio: Display: Loading Default Audio Settings Objects...
[2021.11.02-14.52.56:985][  0]LogAudio: Display: No default SoundConcurrencyObject specified (or failed to load).
[2021.11.02-14.52.56:986][  0]LogAudio: Display: Audio Device Manager Initialized
[2021.11.02-14.52.56:986][  0]LogAudio: Display: Creating Audio Device:                 Id: 1, Scope: Shared, Realtime: True
[2021.11.02-14.52.56:987][  0]LogAudioMixer: Display: Audio Mixer Platform Settings:
[2021.11.02-14.52.56:987][  0]LogAudioMixer: Display: 	Sample Rate:						  48000
[2021.11.02-14.52.56:987][  0]LogAudioMixer: Display: 	Callback Buffer Frame Size Requested: 1024
[2021.11.02-14.52.56:987][  0]LogAudioMixer: Display: 	Callback Buffer Frame Size To Use:	  1024
[2021.11.02-14.52.56:987][  0]LogAudioMixer: Display: 	Number of buffers to queue:			  2
[2021.11.02-14.52.56:987][  0]LogAudioMixer: Display: 	Max Channels (voices):				  32
[2021.11.02-14.52.56:987][  0]LogAudioMixer: Display: 	Number of Async Source Workers:		  0
[2021.11.02-14.52.56:987][  0]LogAudio: Display: AudioDevice MaxSources: 32
[2021.11.02-14.52.57:029][  0]LogAudio: Display: Audio Spatialization Plugin: None (built-in).
[2021.11.02-14.52.57:029][  0]LogAudio: Display: Audio Reverb Plugin: None (built-in).
[2021.11.02-14.52.57:029][  0]LogAudio: Display: Audio Occlusion Plugin: None (built-in).
[2021.11.02-14.52.57:029][  0]LogAudioMixer: Display: Initializing audio mixer.
[2021.11.02-14.52.57:047][  0]LogAudioMixer: Display: 0: FrontLeft
[2021.11.02-14.52.57:047][  0]LogAudioMixer: Display: 1: FrontRight
[2021.11.02-14.52.57:063][  0]LogAudioMixer: Display: Using Audio Device Динамики (High Definition Audio Device)
[2021.11.02-14.52.57:067][  0]LogAudioMixer: Display: Initializing Sound Submixes...
[2021.11.02-14.52.57:091][  0]LogAudioMixer: Display: Creating Master Submix 'MasterSubmixDefault'
[2021.11.02-14.52.57:091][  0]LogAudioMixer: Display: Creating Master Submix 'MasterReverbSubmixDefault'
[2021.11.02-14.52.57:093][  0]LogAudioMixer: Display: Creating Master Submix 'MasterEQSubmixDefault'
[2021.11.02-14.52.57:093][  0]LogAudioMixer: FMixerPlatformXAudio2::StartAudioStream() called
[2021.11.02-14.52.57:093][  0]LogAudioMixer: Display: Output buffers initialized: Frames=1024, Channels=2, Samples=2048
[2021.11.02-14.52.57:094][  0]LogAudioMixer: Display: Starting AudioMixerPlatformInterface::RunInternal()
[2021.11.02-14.52.57:094][  0]LogAudioMixer: Display: FMixerPlatformXAudio2::SubmitBuffer() called for the first time
[2021.11.02-14.52.57:094][  0]LogInit: FAudioDevice initialized.
[2021.11.02-14.52.57:095][  0]LogAudio: Display: Audio Device (ID: 1) registered with world 'Untitled'.
[2021.11.02-14.52.57:095][  0]LogNetVersion: Set ProjectVersion to 1.2.4. Version Checksum will be recalculated on next use.
[2021.11.02-14.52.57:166][  0]LogDerivedDataCache: Saved boot cache 0.07s 94MB C:/Users/eldar/AppData/Local/UnrealEngine/4.27/DerivedDataCache/Boot.ddc.
[2021.11.02-14.52.57:169][  0]LogInit: Texture streaming: Enabled
[2021.11.02-14.52.57:183][  0]LogAnalytics: Display: [UEEditor.Rocket.Release] APIServer = https://datarouter.ol.epicgames.com/. AppVersion = 4.27.1-17735300+++UE4+Release-4.27
[2021.11.02-14.52.57:188][  0]LogEngineSessionManager: EngineSessionManager initialized
[2021.11.02-14.52.57:191][  0]LogEditorSessionSummary: Verbose: Initializing EditorSessionSummaryWriter for editor session tracking
[2021.11.02-14.52.57:197][  0]LogEditorSessionSummary: EditorSessionSummaryWriter initialized
[2021.11.02-14.52.57:229][  0]LogInit: Transaction tracking system initialized
[2021.11.02-14.52.57:268][  0]BlueprintLog: New page: Editor Load
[2021.11.02-14.52.57:429][  0]LocalizationService: Localization service is disabled
[2021.11.02-14.52.57:486][  0]TimingProfiler: Initialize
[2021.11.02-14.52.57:488][  0]TimingProfiler: OnSessionChanged
[2021.11.02-14.52.57:488][  0]LoadingProfiler: Initialize
[2021.11.02-14.52.57:488][  0]LoadingProfiler: OnSessionChanged
[2021.11.02-14.52.57:489][  0]NetworkingProfiler: Initialize
[2021.11.02-14.52.57:489][  0]NetworkingProfiler: OnSessionChanged
[2021.11.02-14.52.57:489][  0]MemoryProfiler: Initialize
[2021.11.02-14.52.57:489][  0]MemoryProfiler: OnSessionChanged
[2021.11.02-14.52.57:494][  0]LogClass: Warning: In asset 'None', there is an enum property of type 'EIOSVersion' with an invalid value of 'IOS_11'
[2021.11.02-14.52.57:494][  0]LogObj: Error: LoadConfig (/Script/IOSRuntimeSettings.Default__IOSRuntimeSettings): import failed for MinimumiOSVersion in: IOS_11
[2021.11.02-14.52.58:037][  0]LogCook: Display: CookSettings for Memory: MemoryMaxUsedVirtual 0MiB, MemoryMaxUsedPhysical 16384MiB, MemoryMinFreeVirtual 0MiB, MemoryMinFreePhysical 1024MiB
[2021.11.02-14.52.58:037][  0]LogCook: Display: Mobile HDR setting 1
[2021.11.02-14.52.58:999][  0]LogFileCache: Scanning file cache for directory 'D:/Projects/Unreal/GAME/Content/' took 0.03s
[2021.11.02-14.52.59:762][  0]LogImageWrapper: Warning: PNG Warning: Duplicate iCCP chunk
[2021.11.02-14.52.59:762][  0]LogImageWrapper: Warning: PNG Warning: Duplicate iCCP chunk
[2021.11.02-14.52.59:762][  0]LogInit: Display: Engine is initialized. Leaving FEngineLoop::Init()
[2021.11.02-14.52.59:768][  0]LogUnrealEdMisc: Loading editor; pre map load, took 21.123
[2021.11.02-14.52.59:770][  0]Cmd: MAP LOAD FILE="D:/Projects/Unreal/GAME/Content/TPSAT/Maps/TPSAT_Showroom.umap" TEMPLATE=0 SHOWPROGRESS=1 FEATURELEVEL=3
[2021.11.02-14.52.59:776][  0]LightingResults: New page: Lighting Build
[2021.11.02-14.52.59:780][  0]LogWorld: UWorld::CleanupWorld for Untitled, bSessionEnded=true, bCleanupResources=true
[2021.11.02-14.52.59:780][  0]LogSlate: InvalidateAllWidgets triggered.  All widgets were invalidated
[2021.11.02-14.52.59:781][  0]MapCheck: New page: Map Check
[2021.11.02-14.52.59:781][  0]LightingResults: New page: Lighting Build
[2021.11.02-14.52.59:791][  0]LogAudio: Display: Audio Device unregistered from world 'None'.
[2021.11.02-14.52.59:798][  0]LogUObjectHash: Compacting FUObjectHashTables data took   0.96ms
[2021.11.02-14.52.59:801][  0]LogLinker: Warning: [AssetLog] D:\Projects\Unreal\GAME\Content\TPSAT\Maps\TPSAT_Showroom.umap: Failed to load '/Game/TPSAT/Maps/Sublevels/TPSAT_Showroom': Can't find file.
[2021.11.02-14.52.59:801][  0]LogLinker: Warning: [AssetLog] D:\Projects\Unreal\GAME\Content\TPSAT\Maps\TPSAT_Showroom.umap: Failed to load '/Game/TPSAT/Maps/Sublevels/TPSAT_Showroom': Can't find file.
[2021.11.02-14.52.59:802][  0]LogLinker: Warning: [AssetLog] D:\Projects\Unreal\GAME\Content\TPSAT\Maps\TPSAT_Showroom.umap: Failed to load '/Game/TPSAT/Maps/Sublevels/TPSAT_Showroom': Can't find file.
[2021.11.02-14.52.59:802][  0]LogLinker: Warning: [AssetLog] D:\Projects\Unreal\GAME\Content\TPSAT\Maps\TPSAT_Showroom.umap: Failed to load '/Game/TPSAT/Maps/Sublevels/TPSAT_Showroom': Can't find file.
[2021.11.02-14.52.59:802][  0]LogLinker: Warning: [AssetLog] D:\Projects\Unreal\GAME\Content\TPSAT\Maps\TPSAT_Showroom.umap: Failed to load '/Game/TPSAT/Maps/Sublevels/TPSAT_Showroom': Can't find file.
[2021.11.02-14.52.59:802][  0]LogLinker: Warning: [AssetLog] D:\Projects\Unreal\GAME\Content\TPSAT\Maps\TPSAT_Showroom.umap: Failed to load '/Game/TPSAT/Maps/Sublevels/TPSAT_Showroom': Can't find file.
[2021.11.02-14.52.59:802][  0]LoadErrors: Failed to load /Game/TPSAT/Maps/Sublevels/TPSAT_Showroom.Default__TPSAT_Showroom_C Referenced by Default__TPSAT_Showroom_C
[2021.11.02-14.52.59:802][  0]LogLinker: Warning: [AssetLog] D:\Projects\Unreal\GAME\Content\TPSAT\Maps\TPSAT_Showroom.umap: Failed to load '/Game/TPSAT/Maps/Sublevels/TPSAT_Showroom': Can't find file.
[2021.11.02-14.52.59:802][  0]LoadErrors: Failed to load /Game/TPSAT/Maps/Sublevels/TPSAT_Showroom.TPSAT_Showroom Referenced by TPSAT_Showroom
[2021.11.02-14.52.59:802][  0]LogLinker: Warning: [AssetLog] D:\Projects\Unreal\GAME\Content\TPSAT\Maps\TPSAT_Showroom.umap: Failed to load '/Game/TPSAT/Maps/Sublevels/TPSAT_Showroom': Can't find file.
[2021.11.02-14.52.59:802][  0]LoadErrors: Failed to load /Game/TPSAT/Maps/Sublevels/TPSAT_Showroom.TPSAT_Showroom_C Referenced by TPSAT_Showroom_C
[2021.11.02-14.52.59:871][  0]LogSlate: Took 0.005095 seconds to synchronously load lazily loaded font '../../../Engine/Content/Slate/Fonts/Roboto-Regular.ttf' (155K)
[2021.11.02-14.53.02:216][  0]LogSlate: Window 'Message' being destroyed
[2021.11.02-14.53.02:217][  0]LogWindowsTextInputMethodSystem: Display: IME system deactivated.
[2021.11.02-14.53.02:225][  0]Message dialog closed, result: Ok, title: Message, text: Failed to find the world in already loaded world package /Game/TPSAT/Maps/TPSAT_Showroom! See log for more details.
[2021.11.02-14.53.02:277][  0]LogReferenceChain: (standalone) ObjectRedirector /Game/TPSAT/Maps/TPSAT_Showroom.TPSAT_Showroom->Outer
[2021.11.02-14.53.02:277][  0]LogReferenceChain:  Package /Game/TPSAT/Maps/TPSAT_Showroom
[2021.11.02-14.53.02:277][  0]LogReferenceChain:   
[2021.11.02-14.53.02:277][  0]LogReferenceChain: (standalone) ObjectRedirector /Game/TPSAT/Maps/TPSAT_Showroom.Default__TPSAT_Showroom_C->Outer
[2021.11.02-14.53.02:277][  0]LogReferenceChain:  Package /Game/TPSAT/Maps/TPSAT_Showroom
[2021.11.02-14.53.02:277][  0]LogReferenceChain:   
[2021.11.02-14.53.02:277][  0]LogReferenceChain: (standalone) MetaData /Game/TPSAT/Maps/TPSAT_Showroom.PackageMetaData->Outer
[2021.11.02-14.53.02:277][  0]LogReferenceChain:  Package /Game/TPSAT/Maps/TPSAT_Showroom
[2021.11.02-14.53.02:277][  0]LogReferenceChain:   
[2021.11.02-14.53.02:277][  0]LogReferenceChain: (standalone) ObjectRedirector /Game/TPSAT/Maps/TPSAT_Showroom.TPSAT_Showroom_C->Outer
[2021.11.02-14.53.02:277][  0]LogReferenceChain:  Package /Game/TPSAT/Maps/TPSAT_Showroom
[2021.11.02-14.53.02:277][  0]LogReferenceChain:   
[2021.11.02-14.53.02:277][  0]LogEditorServer: Warning: Failed to find the world in already loaded world package /Game/TPSAT/Maps/TPSAT_Showroom! Referenced by:
(standalone) ObjectRedirector /Game/TPSAT/Maps/TPSAT_Showroom.TPSAT_Showroom->Outer
 Package /Game/TPSAT/Maps/TPSAT_Showroom
[2021.11.02-14.53.02:284][  0]LightingResults: New page: Lighting Build
[2021.11.02-14.53.02:286][  0]LogAIModule: Creating AISystem for world Untitled
[2021.11.02-14.53.02:290][  0]LoadErrors: New page: New Map
[2021.11.02-14.53.02:310][  0]LogUnrealEdMisc: Total Editor Startup Time, took 23.665
[2021.11.02-14.53.02:385][  0]LogWindowsTextInputMethodSystem: Display: IME system deactivated.
[2021.11.02-14.53.02:482][  0]LogSlate: Updating window title bar state: overlay mode, drag disabled, window buttons hidden, title bar hidden
[2021.11.02-14.53.02:489][  0]LogSlate: Updating window title bar state: overlay mode, drag disabled, window buttons hidden, title bar hidden
[2021.11.02-14.53.02:495][  0]LogSlate: Updating window title bar state: overlay mode, drag disabled, window buttons hidden, title bar hidden
[2021.11.02-14.53.02:500][  0]LogSlate: Updating window title bar state: overlay mode, drag disabled, window buttons hidden, title bar hidden
[2021.11.02-14.53.02:533][  0]LogNativeClassHierarchy: Verbose: Native class hierarchy populated in 0.0088 seconds. Added 3824 classes and 932 folders.
[2021.11.02-14.53.02:539][  0]LogNativeClassHierarchy: Verbose: Native class hierarchy updated for 'WidgetCarousel' in 0.0003 seconds. Added 0 classes and 0 folders.
[2021.11.02-14.53.02:557][  0]LogPakFile: PakFile PrimaryIndexSize=187
[2021.11.02-14.53.02:557][  0]LogPakFile: PakFile PathHashIndexSize=101
[2021.11.02-14.53.02:557][  0]LogPakFile: PakFile FullDirectoryIndexSize=148
[2021.11.02-14.53.02:557][  0]LogShaderLibrary: Display: ShaderCodeLibraryPakFileMountedCallback: PakFile 'C:/games/UE_4.27/FeaturePacks/FP_FirstPerson.upack' (chunk index -1, root 'root:/') mounted
[2021.11.02-14.53.02:557][  0]LogShaderLibrary: Display: ShaderCodeLibraryPakFileMountedCallback: pending pak file info (ChunkID:-1 Root:root:/ File:C:/games/UE_4.27/FeaturePacks/FP_FirstPerson.upack)
[2021.11.02-14.53.02:557][  0]LogPakFile: OnPakFileMounted2Time == 0.000256
[2021.11.02-14.53.02:569][  0]LogPakFile: PakFile PrimaryIndexSize=189
[2021.11.02-14.53.02:569][  0]LogPakFile: PakFile PathHashIndexSize=101
[2021.11.02-14.53.02:570][  0]LogPakFile: PakFile FullDirectoryIndexSize=152
[2021.11.02-14.53.02:570][  0]LogShaderLibrary: Display: ShaderCodeLibraryPakFileMountedCallback: PakFile 'C:/games/UE_4.27/FeaturePacks/FP_FirstPersonBP.upack' (chunk index -1, root 'root:/') mounted
[2021.11.02-14.53.02:570][  0]LogShaderLibrary: Display: ShaderCodeLibraryPakFileMountedCallback: pending pak file info (ChunkID:-1 Root:root:/ File:C:/games/UE_4.27/FeaturePacks/FP_FirstPersonBP.upack)
[2021.11.02-14.53.02:570][  0]LogPakFile: OnPakFileMounted2Time == 0.000057
[2021.11.02-14.53.02:583][  0]LogPakFile: PakFile PrimaryIndexSize=191
[2021.11.02-14.53.02:583][  0]LogPakFile: PakFile PathHashIndexSize=101
[2021.11.02-14.53.02:583][  0]LogPakFile: PakFile FullDirectoryIndexSize=160
[2021.11.02-14.53.02:583][  0]LogShaderLibrary: Display: ShaderCodeLibraryPakFileMountedCallback: PakFile 'C:/games/UE_4.27/FeaturePacks/MobileStarterContent.upack' (chunk index -1, root 'root:/') mounted
[2021.11.02-14.53.02:583][  0]LogShaderLibrary: Display: ShaderCodeLibraryPakFileMountedCallback: pending pak file info (ChunkID:-1 Root:root:/ File:C:/games/UE_4.27/FeaturePacks/MobileStarterContent.upack)
[2021.11.02-14.53.02:583][  0]LogPakFile: OnPakFileMounted2Time == 0.000046
[2021.11.02-14.53.02:596][  0]LogPakFile: PakFile PrimaryIndexSize=185
[2021.11.02-14.53.02:596][  0]LogPakFile: PakFile PathHashIndexSize=101
[2021.11.02-14.53.02:596][  0]LogPakFile: PakFile FullDirectoryIndexSize=148
[2021.11.02-14.53.02:596][  0]LogShaderLibrary: Display: ShaderCodeLibraryPakFileMountedCallback: PakFile 'C:/games/UE_4.27/FeaturePacks/StarterContent.upack' (chunk index -1, root 'root:/') mounted
[2021.11.02-14.53.02:596][  0]LogShaderLibrary: Display: ShaderCodeLibraryPakFileMountedCallback: pending pak file info (ChunkID:-1 Root:root:/ File:C:/games/UE_4.27/FeaturePacks/StarterContent.upack)
[2021.11.02-14.53.02:596][  0]LogPakFile: OnPakFileMounted2Time == 0.000045
[2021.11.02-14.53.02:602][  0]LogPakFile: PakFile PrimaryIndexSize=190
[2021.11.02-14.53.02:602][  0]LogPakFile: PakFile PathHashIndexSize=101
[2021.11.02-14.53.02:602][  0]LogPakFile: PakFile FullDirectoryIndexSize=154
[2021.11.02-14.53.02:602][  0]LogShaderLibrary: Display: ShaderCodeLibraryPakFileMountedCallback: PakFile 'C:/games/UE_4.27/FeaturePacks/TP_2DSideScroller.upack' (chunk index -1, root 'root:/') mounted
[2021.11.02-14.53.02:602][  0]LogShaderLibrary: Display: ShaderCodeLibraryPakFileMountedCallback: pending pak file info (ChunkID:-1 Root:root:/ File:C:/games/UE_4.27/FeaturePacks/TP_2DSideScroller.upack)
[2021.11.02-14.53.02:602][  0]LogPakFile: OnPakFileMounted2Time == 0.000051
[2021.11.02-14.53.02:608][  0]LogPakFile: PakFile PrimaryIndexSize=192
[2021.11.02-14.53.02:608][  0]LogPakFile: PakFile PathHashIndexSize=101
[2021.11.02-14.53.02:608][  0]LogPakFile: PakFile FullDirectoryIndexSize=158
[2021.11.02-14.53.02:608][  0]LogShaderLibrary: Display: ShaderCodeLibraryPakFileMountedCallback: PakFile 'C:/games/UE_4.27/FeaturePacks/TP_2DSideScrollerBP.upack' (chunk index -1, root 'root:/') mounted
[2021.11.02-14.53.02:608][  0]LogShaderLibrary: Display: ShaderCodeLibraryPakFileMountedCallback: pending pak file info (ChunkID:-1 Root:root:/ File:C:/games/UE_4.27/FeaturePacks/TP_2DSideScrollerBP.upack)
[2021.11.02-14.53.02:608][  0]LogPakFile: OnPakFileMounted2Time == 0.000043
[2021.11.02-14.53.02:613][  0]LogPakFile: PakFile PrimaryIndexSize=182
[2021.11.02-14.53.02:613][  0]LogPakFile: PakFile PathHashIndexSize=101
[2021.11.02-14.53.02:613][  0]LogPakFile: PakFile FullDirectoryIndexSize=138
[2021.11.02-14.53.02:613][  0]LogShaderLibrary: Display: ShaderCodeLibraryPakFileMountedCallback: PakFile 'C:/games/UE_4.27/FeaturePacks/TP_Flying.upack' (chunk index -1, root 'root:/') mounted
[2021.11.02-14.53.02:613][  0]LogShaderLibrary: Display: ShaderCodeLibraryPakFileMountedCallback: pending pak file info (ChunkID:-1 Root:root:/ File:C:/games/UE_4.27/FeaturePacks/TP_Flying.upack)
[2021.11.02-14.53.02:613][  0]LogPakFile: OnPakFileMounted2Time == 0.000041
[2021.11.02-14.53.02:620][  0]LogPakFile: PakFile PrimaryIndexSize=184
[2021.11.02-14.53.02:620][  0]LogPakFile: PakFile PathHashIndexSize=101
[2021.11.02-14.53.02:620][  0]LogPakFile: PakFile FullDirectoryIndexSize=142
[2021.11.02-14.53.02:620][  0]LogShaderLibrary: Display: ShaderCodeLibraryPakFileMountedCallback: PakFile 'C:/games/UE_4.27/FeaturePacks/TP_FlyingBP.upack' (chunk index -1, root 'root:/') mounted
[2021.11.02-14.53.02:620][  0]LogShaderLibrary: Display: ShaderCodeLibraryPakFileMountedCallback: pending pak file info (ChunkID:-1 Root:root:/ File:C:/games/UE_4.27/FeaturePacks/TP_FlyingBP.upack)
[2021.11.02-14.53.02:620][  0]LogPakFile: OnPakFileMounted2Time == 0.000046
[2021.11.02-14.53.02:626][  0]LogPakFile: PakFile PrimaryIndexSize=188
[2021.11.02-14.53.02:626][  0]LogPakFile: PakFile PathHashIndexSize=101
[2021.11.02-14.53.02:626][  0]LogPakFile: PakFile FullDirectoryIndexSize=150
[2021.11.02-14.53.02:626][  0]LogShaderLibrary: Display: ShaderCodeLibraryPakFileMountedCallback: PakFile 'C:/games/UE_4.27/FeaturePacks/TP_HandheldARBP.upack' (chunk index -1, root 'root:/') mounted
[2021.11.02-14.53.02:626][  0]LogShaderLibrary: Display: ShaderCodeLibraryPakFileMountedCallback: pending pak file info (ChunkID:-1 Root:root:/ File:C:/games/UE_4.27/FeaturePacks/TP_HandheldARBP.upack)
[2021.11.02-14.53.02:626][  0]LogPakFile: OnPakFileMounted2Time == 0.000049
[2021.11.02-14.53.02:634][  0]LogPakFile: PakFile PrimaryIndexSize=182
[2021.11.02-14.53.02:634][  0]LogPakFile: PakFile PathHashIndexSize=101
[2021.11.02-14.53.02:634][  0]LogPakFile: PakFile FullDirectoryIndexSize=138
[2021.11.02-14.53.02:634][  0]LogShaderLibrary: Display: ShaderCodeLibraryPakFileMountedCallback: PakFile 'C:/games/UE_4.27/FeaturePacks/TP_Puzzle.upack' (chunk index -1, root 'root:/') mounted
[2021.11.02-14.53.02:634][  0]LogShaderLibrary: Display: ShaderCodeLibraryPakFileMountedCallback: pending pak file info (ChunkID:-1 Root:root:/ File:C:/games/UE_4.27/FeaturePacks/TP_Puzzle.upack)
[2021.11.02-14.53.02:634][  0]LogPakFile: OnPakFileMounted2Time == 0.000042
[2021.11.02-14.53.02:640][  0]LogPakFile: PakFile PrimaryIndexSize=184
[2021.11.02-14.53.02:640][  0]LogPakFile: PakFile PathHashIndexSize=101
[2021.11.02-14.53.02:640][  0]LogPakFile: PakFile FullDirectoryIndexSize=142
[2021.11.02-14.53.02:640][  0]LogShaderLibrary: Display: ShaderCodeLibraryPakFileMountedCallback: PakFile 'C:/games/UE_4.27/FeaturePacks/TP_PuzzleBP.upack' (chunk index -1, root 'root:/') mounted
[2021.11.02-14.53.02:640][  0]LogShaderLibrary: Display: ShaderCodeLibraryPakFileMountedCallback: pending pak file info (ChunkID:-1 Root:root:/ File:C:/games/UE_4.27/FeaturePacks/TP_PuzzleBP.upack)
[2021.11.02-14.53.02:640][  0]LogPakFile: OnPakFileMounted2Time == 0.000046
[2021.11.02-14.53.02:646][  0]LogPakFile: PakFile PrimaryIndexSize=183
[2021.11.02-14.53.02:646][  0]LogPakFile: PakFile PathHashIndexSize=101
[2021.11.02-14.53.02:646][  0]LogPakFile: PakFile FullDirectoryIndexSize=140
[2021.11.02-14.53.02:646][  0]LogShaderLibrary: Display: ShaderCodeLibraryPakFileMountedCallback: PakFile 'C:/games/UE_4.27/FeaturePacks/TP_Rolling.upack' (chunk index -1, root 'root:/') mounted
[2021.11.02-14.53.02:646][  0]LogShaderLibrary: Display: ShaderCodeLibraryPakFileMountedCallback: pending pak file info (ChunkID:-1 Root:root:/ File:C:/games/UE_4.27/FeaturePacks/TP_Rolling.upack)
[2021.11.02-14.53.02:646][  0]LogPakFile: OnPakFileMounted2Time == 0.000047
[2021.11.02-14.53.02:652][  0]LogPakFile: PakFile PrimaryIndexSize=185
[2021.11.02-14.53.02:652][  0]LogPakFile: PakFile PathHashIndexSize=101
[2021.11.02-14.53.02:653][  0]LogPakFile: PakFile FullDirectoryIndexSize=144
[2021.11.02-14.53.02:653][  0]LogShaderLibrary: Display: ShaderCodeLibraryPakFileMountedCallback: PakFile 'C:/games/UE_4.27/FeaturePacks/TP_RollingBP.upack' (chunk index -1, root 'root:/') mounted
[2021.11.02-14.53.02:653][  0]LogShaderLibrary: Display: ShaderCodeLibraryPakFileMountedCallback: pending pak file info (ChunkID:-1 Root:root:/ File:C:/games/UE_4.27/FeaturePacks/TP_RollingBP.upack)
[2021.11.02-14.53.02:653][  0]LogPakFile: OnPakFileMounted2Time == 0.000053
[2021.11.02-14.53.02:659][  0]LogPakFile: PakFile PrimaryIndexSize=188
[2021.11.02-14.53.02:659][  0]LogPakFile: PakFile PathHashIndexSize=101
[2021.11.02-14.53.02:659][  0]LogPakFile: PakFile FullDirectoryIndexSize=150
[2021.11.02-14.53.02:659][  0]LogShaderLibrary: Display: ShaderCodeLibraryPakFileMountedCallback: PakFile 'C:/games/UE_4.27/FeaturePacks/TP_SideScroller.upack' (chunk index -1, root 'root:/') mounted
[2021.11.02-14.53.02:659][  0]LogShaderLibrary: Display: ShaderCodeLibraryPakFileMountedCallback: pending pak file info (ChunkID:-1 Root:root:/ File:C:/games/UE_4.27/FeaturePacks/TP_SideScroller.upack)
[2021.11.02-14.53.02:659][  0]LogPakFile: OnPakFileMounted2Time == 0.000046
[2021.11.02-14.53.02:665][  0]LogPakFile: PakFile PrimaryIndexSize=190
[2021.11.02-14.53.02:665][  0]LogPakFile: PakFile PathHashIndexSize=101
[2021.11.02-14.53.02:665][  0]LogPakFile: PakFile FullDirectoryIndexSize=154
[2021.11.02-14.53.02:665][  0]LogShaderLibrary: Display: ShaderCodeLibraryPakFileMountedCallback: PakFile 'C:/games/UE_4.27/FeaturePacks/TP_SideScrollerBP.upack' (chunk index -1, root 'root:/') mounted
[2021.11.02-14.53.02:665][  0]LogShaderLibrary: Display: ShaderCodeLibraryPakFileMountedCallback: pending pak file info (ChunkID:-1 Root:root:/ File:C:/games/UE_4.27/FeaturePacks/TP_SideScrollerBP.upack)
[2021.11.02-14.53.02:665][  0]LogPakFile: OnPakFileMounted2Time == 0.000046
[2021.11.02-14.53.02:672][  0]LogPakFile: PakFile PrimaryIndexSize=187
[2021.11.02-14.53.02:672][  0]LogPakFile: PakFile PathHashIndexSize=101
[2021.11.02-14.53.02:672][  0]LogPakFile: PakFile FullDirectoryIndexSize=148
[2021.11.02-14.53.02:672][  0]LogShaderLibrary: Display: ShaderCodeLibraryPakFileMountedCallback: PakFile 'C:/games/UE_4.27/FeaturePacks/TP_ThirdPerson.upack' (chunk index -1, root 'root:/') mounted
[2021.11.02-14.53.02:672][  0]LogShaderLibrary: Display: ShaderCodeLibraryPakFileMountedCallback: pending pak file info (ChunkID:-1 Root:root:/ File:C:/games/UE_4.27/FeaturePacks/TP_ThirdPerson.upack)
[2021.11.02-14.53.02:672][  0]LogPakFile: OnPakFileMounted2Time == 0.000043
[2021.11.02-14.53.02:678][  0]LogPakFile: PakFile PrimaryIndexSize=189
[2021.11.02-14.53.02:678][  0]LogPakFile: PakFile PathHashIndexSize=101
[2021.11.02-14.53.02:678][  0]LogPakFile: PakFile FullDirectoryIndexSize=152
[2021.11.02-14.53.02:678][  0]LogShaderLibrary: Display: ShaderCodeLibraryPakFileMountedCallback: PakFile 'C:/games/UE_4.27/FeaturePacks/TP_ThirdPersonBP.upack' (chunk index -1, root 'root:/') mounted
[2021.11.02-14.53.02:678][  0]LogShaderLibrary: Display: ShaderCodeLibraryPakFileMountedCallback: pending pak file info (ChunkID:-1 Root:root:/ File:C:/games/UE_4.27/FeaturePacks/TP_ThirdPersonBP.upack)
[2021.11.02-14.53.02:678][  0]LogPakFile: OnPakFileMounted2Time == 0.000048
[2021.11.02-14.53.02:684][  0]LogPakFile: PakFile PrimaryIndexSize=183
[2021.11.02-14.53.02:684][  0]LogPakFile: PakFile PathHashIndexSize=101
[2021.11.02-14.53.02:684][  0]LogPakFile: PakFile FullDirectoryIndexSize=140
[2021.11.02-14.53.02:684][  0]LogShaderLibrary: Display: ShaderCodeLibraryPakFileMountedCallback: PakFile 'C:/games/UE_4.27/FeaturePacks/TP_TopDown.upack' (chunk index -1, root 'root:/') mounted
[2021.11.02-14.53.02:684][  0]LogShaderLibrary: Display: ShaderCodeLibraryPakFileMountedCallback: pending pak file info (ChunkID:-1 Root:root:/ File:C:/games/UE_4.27/FeaturePacks/TP_TopDown.upack)
[2021.11.02-14.53.02:684][  0]LogPakFile: OnPakFileMounted2Time == 0.000055
[2021.11.02-14.53.02:691][  0]LogPakFile: PakFile PrimaryIndexSize=185
[2021.11.02-14.53.02:691][  0]LogPakFile: PakFile PathHashIndexSize=101
[2021.11.02-14.53.02:691][  0]LogPakFile: PakFile FullDirectoryIndexSize=144
[2021.11.02-14.53.02:691][  0]LogShaderLibrary: Display: ShaderCodeLibraryPakFileMountedCallback: PakFile 'C:/games/UE_4.27/FeaturePacks/TP_TopDownBP.upack' (chunk index -1, root 'root:/') mounted
[2021.11.02-14.53.02:691][  0]LogShaderLibrary: Display: ShaderCodeLibraryPakFileMountedCallback: pending pak file info (ChunkID:-1 Root:root:/ File:C:/games/UE_4.27/FeaturePacks/TP_TopDownBP.upack)
[2021.11.02-14.53.02:691][  0]LogPakFile: OnPakFileMounted2Time == 0.000052
[2021.11.02-14.53.02:700][  0]LogPakFile: PakFile PrimaryIndexSize=185
[2021.11.02-14.53.02:700][  0]LogPakFile: PakFile PathHashIndexSize=101
[2021.11.02-14.53.02:700][  0]LogPakFile: PakFile FullDirectoryIndexSize=144
[2021.11.02-14.53.02:700][  0]LogShaderLibrary: Display: ShaderCodeLibraryPakFileMountedCallback: PakFile 'C:/games/UE_4.27/FeaturePacks/TP_TwinStick.upack' (chunk index -1, root 'root:/') mounted
[2021.11.02-14.53.02:700][  0]LogShaderLibrary: Display: ShaderCodeLibraryPakFileMountedCallback: pending pak file info (ChunkID:-1 Root:root:/ File:C:/games/UE_4.27/FeaturePacks/TP_TwinStick.upack)
[2021.11.02-14.53.02:700][  0]LogPakFile: OnPakFileMounted2Time == 0.000042
[2021.11.02-14.53.02:708][  0]LogPakFile: PakFile PrimaryIndexSize=187
[2021.11.02-14.53.02:708][  0]LogPakFile: PakFile PathHashIndexSize=101
[2021.11.02-14.53.02:708][  0]LogPakFile: PakFile FullDirectoryIndexSize=148
[2021.11.02-14.53.02:708][  0]LogShaderLibrary: Display: ShaderCodeLibraryPakFileMountedCallback: PakFile 'C:/games/UE_4.27/FeaturePacks/TP_TwinStickBP.upack' (chunk index -1, root 'root:/') mounted
[2021.11.02-14.53.02:708][  0]LogShaderLibrary: Display: ShaderCodeLibraryPakFileMountedCallback: pending pak file info (ChunkID:-1 Root:root:/ File:C:/games/UE_4.27/FeaturePacks/TP_TwinStickBP.upack)
[2021.11.02-14.53.02:708][  0]LogPakFile: OnPakFileMounted2Time == 0.000058
[2021.11.02-14.53.02:714][  0]LogPakFile: PakFile PrimaryIndexSize=183
[2021.11.02-14.53.02:714][  0]LogPakFile: PakFile PathHashIndexSize=101
[2021.11.02-14.53.02:714][  0]LogPakFile: PakFile FullDirectoryIndexSize=140
[2021.11.02-14.53.02:714][  0]LogShaderLibrary: Display: ShaderCodeLibraryPakFileMountedCallback: PakFile 'C:/games/UE_4.27/FeaturePacks/TP_Vehicle.upack' (chunk index -1, root 'root:/') mounted
[2021.11.02-14.53.02:714][  0]LogShaderLibrary: Display: ShaderCodeLibraryPakFileMountedCallback: pending pak file info (ChunkID:-1 Root:root:/ File:C:/games/UE_4.27/FeaturePacks/TP_Vehicle.upack)
[2021.11.02-14.53.02:714][  0]LogPakFile: OnPakFileMounted2Time == 0.000043
[2021.11.02-14.53.02:721][  0]LogPakFile: PakFile PrimaryIndexSize=186
[2021.11.02-14.53.02:722][  0]LogPakFile: PakFile PathHashIndexSize=101
[2021.11.02-14.53.02:722][  0]LogPakFile: PakFile FullDirectoryIndexSize=146
[2021.11.02-14.53.02:722][  0]LogShaderLibrary: Display: ShaderCodeLibraryPakFileMountedCallback: PakFile 'C:/games/UE_4.27/FeaturePacks/TP_VehicleAdv.upack' (chunk index -1, root 'root:/') mounted
[2021.11.02-14.53.02:722][  0]LogShaderLibrary: Display: ShaderCodeLibraryPakFileMountedCallback: pending pak file info (ChunkID:-1 Root:root:/ File:C:/games/UE_4.27/FeaturePacks/TP_VehicleAdv.upack)
[2021.11.02-14.53.02:722][  0]LogPakFile: OnPakFileMounted2Time == 0.000051
[2021.11.02-14.53.02:728][  0]LogPakFile: PakFile PrimaryIndexSize=188
[2021.11.02-14.53.02:728][  0]LogPakFile: PakFile PathHashIndexSize=101
[2021.11.02-14.53.02:728][  0]LogPakFile: PakFile FullDirectoryIndexSize=150
[2021.11.02-14.53.02:728][  0]LogShaderLibrary: Display: ShaderCodeLibraryPakFileMountedCallback: PakFile 'C:/games/UE_4.27/FeaturePacks/TP_VehicleAdvBP.upack' (chunk index -1, root 'root:/') mounted
[2021.11.02-14.53.02:728][  0]LogShaderLibrary: Display: ShaderCodeLibraryPakFileMountedCallback: pending pak file info (ChunkID:-1 Root:root:/ File:C:/games/UE_4.27/FeaturePacks/TP_VehicleAdvBP.upack)
[2021.11.02-14.53.02:728][  0]LogPakFile: OnPakFileMounted2Time == 0.000043
[2021.11.02-14.53.02:734][  0]LogPakFile: PakFile PrimaryIndexSize=185
[2021.11.02-14.53.02:734][  0]LogPakFile: PakFile PathHashIndexSize=101
[2021.11.02-14.53.02:734][  0]LogPakFile: PakFile FullDirectoryIndexSize=144
[2021.11.02-14.53.02:734][  0]LogShaderLibrary: Display: ShaderCodeLibraryPakFileMountedCallback: PakFile 'C:/games/UE_4.27/FeaturePacks/TP_VehicleBP.upack' (chunk index -1, root 'root:/') mounted
[2021.11.02-14.53.02:734][  0]LogShaderLibrary: Display: ShaderCodeLibraryPakFileMountedCallback: pending pak file info (ChunkID:-1 Root:root:/ File:C:/games/UE_4.27/FeaturePacks/TP_VehicleBP.upack)
[2021.11.02-14.53.02:734][  0]LogPakFile: OnPakFileMounted2Time == 0.000045
[2021.11.02-14.53.02:741][  0]LogPakFile: PakFile PrimaryIndexSize=192
[2021.11.02-14.53.02:741][  0]LogPakFile: PakFile PathHashIndexSize=101
[2021.11.02-14.53.02:741][  0]LogPakFile: PakFile FullDirectoryIndexSize=158
[2021.11.02-14.53.02:741][  0]LogShaderLibrary: Display: ShaderCodeLibraryPakFileMountedCallback: PakFile 'C:/games/UE_4.27/FeaturePacks/TP_VirtualRealityBP.upack' (chunk index -1, root 'root:/') mounted
[2021.11.02-14.53.02:741][  0]LogShaderLibrary: Display: ShaderCodeLibraryPakFileMountedCallback: pending pak file info (ChunkID:-1 Root:root:/ File:C:/games/UE_4.27/FeaturePacks/TP_VirtualRealityBP.upack)
[2021.11.02-14.53.02:741][  0]LogPakFile: OnPakFileMounted2Time == 0.000042
[2021.11.02-14.53.03:031][  0]LogNativeClassHierarchy: Verbose: Native class hierarchy updated for 'AddContentDialog' in 0.0002 seconds. Added 0 classes and 0 folders.
[2021.11.02-14.53.03:035][  0]LogNativeClassHierarchy: Verbose: Native class hierarchy updated for 'SceneOutliner' in 0.0003 seconds. Added 2 classes and 0 folders.
[2021.11.02-14.53.03:180][  0]LogSlate: Took 0.007981 seconds to synchronously load lazily loaded font '../../../Engine/Content/Editor/Slate/Fonts/FontAwesome.ttf' (139K)
[2021.11.02-14.53.03:187][  0]LogSlate: Took 0.005851 seconds to synchronously load lazily loaded font '../../../Engine/Content/Slate/Fonts/Roboto-Bold.ttf' (160K)
[2021.11.02-14.53.03:307][  0]LogRenderer: Reallocating scene render targets to support 620x324 Format 10 NumSamples 1 (Frame:1).
[2021.11.02-14.53.03:397][  0]LogNativeClassHierarchy: Verbose: Native class hierarchy updated for 'HierarchicalLODOutliner' in 0.0003 seconds. Added 0 classes and 0 folders.
[2021.11.02-14.53.03:397][  0]LogLoad: (Engine Initialization) Total time: 24.75 seconds
[2021.11.02-14.53.03:397][  0]LogLoad: (Engine Initialization) Total Blueprint compile time: 0.00 seconds
[2021.11.02-14.53.03:446][  0]LogAssetRegistry: Asset discovery search completed in 13.1360 seconds
[2021.11.02-14.53.03:475][  0]LogCollectionManager: Fixed up redirectors for 0 collections in 0.000004 seconds (updated 0 objects)
[2021.11.02-14.53.03:480][  0]LogContentStreaming: Texture pool size now 1000 MB
[2021.11.02-14.53.03:537][  3]LogSlate: Took 0.005241 seconds to synchronously load lazily loaded font '../../../Engine/Content/Slate/Fonts/Roboto-Light.ttf' (167K)
[2021.11.02-14.53.04:415][100]LogSlate: Took 0.000223 seconds to synchronously load lazily loaded font '../../../Engine/Content/Slate/Fonts/Roboto-Light.ttf' (167K)
[2021.11.02-14.53.14:843][269]LogUObjectHash: Compacting FUObjectHashTables data took   0.64ms
[2021.11.02-14.53.15:505][269]LogAssetEditorSubsystem: Opening Asset editor for World /Game/TPSAT/Maps/level_design/levels/level_0_blockout.level_0_blockout
[2021.11.02-14.53.15:506][269]Cmd: MAP LOAD FILE="D:/Projects/Unreal/GAME/Content/TPSAT/Maps/level_design/levels/level_0_blockout.umap" TEMPLATE=0 SHOWPROGRESS=1 FEATURELEVEL=3
[2021.11.02-14.53.15:506][269]LightingResults: New page: Lighting Build
[2021.11.02-14.53.15:506][269]LoadErrors: New page: Loading map: level_0_blockout.umap
[2021.11.02-14.53.15:527][269]LogWorld: UWorld::CleanupWorld for Untitled, bSessionEnded=true, bCleanupResources=true
[2021.11.02-14.53.15:527][269]LogSlate: InvalidateAllWidgets triggered.  All widgets were invalidated
[2021.11.02-14.53.15:528][269]MapCheck: New page: Map Check
[2021.11.02-14.53.15:528][269]LightingResults: New page: Lighting Build
[2021.11.02-14.53.15:534][269]LogUObjectHash: Compacting FUObjectHashTables data took   0.68ms
[2021.11.02-14.53.15:537][269]LogAudio: Display: Audio Device (ID: 1) registered with world 'level_0_blockout'.
[2021.11.02-14.53.15:634][269]LogEditorServer: Finished looking for orphan Actors (0.000 secs)
[2021.11.02-14.53.15:634][269]LogAIModule: Creating AISystem for world level_0_blockout
[2021.11.02-14.53.15:643][269]LogUObjectHash: Compacting FUObjectHashTables data took   0.66ms
[2021.11.02-14.53.15:651][269]Cmd: MAP CHECKDEP NOCLEARLOG
[2021.11.02-14.53.15:651][269]MapCheck: Map check complete: 0 Error(s), 0 Warning(s), took 0,127ms to complete.
[2021.11.02-14.53.15:652][269]LogFileHelpers: Loading map 'level_0_blockout' took 0.145
[2021.11.02-14.58.46:358][189]LogUObjectHash: Compacting FUObjectHashTables data took   0.70ms
[2021.11.02-14.58.46:460][189]LogSavePackage: Moving 'D:/Projects/Unreal/GAME/Saved/level_0_blockout1D3402A64D49CB1B80A723BD50DD522B.tmp' to 'D:/Projects/Unreal/GAME/Content/TPSAT/Maps/level_design/levels/level_0_blockout.umap'
[2021.11.02-14.58.46:596][189]LogSavePackage: Moving 'D:/Projects/Unreal/GAME/Saved/level_0_blockout_BuiltData3D58FB9B4CB0807678714588FBB9FAC6.tmp' to 'D:/Projects/Unreal/GAME/Content/TPSAT/Maps/level_design/levels/level_0_blockout_BuiltData.uasset'
[2021.11.02-14.58.46:626][189]AssetCheck: New page: Asset Save: multiple assets
[2021.11.02-14.58.46:626][189]LogContentValidation: Display: Validating World /Game/TPSAT/Maps/level_design/levels/level_0_blockout.level_0_blockout
[2021.11.02-14.58.46:626][189]LogContentValidation: Display: Validating MapBuildDataRegistry /Game/TPSAT/Maps/level_design/levels/level_0_blockout_BuiltData.level_0_blockout_BuiltData
[2021.11.02-14.59.48:622][711]LogUObjectHash: Compacting FUObjectHashTables data took   0.31ms
[2021.11.02-14.59.48:719][711]LogSavePackage: Moving 'D:/Projects/Unreal/GAME/Saved/level_0_blockoutCA9F005A4DC794903E4E879BA9E53F19.tmp' to 'D:/Projects/Unreal/GAME/Content/TPSAT/Maps/level_design/levels/level_0_blockout.umap'
[2021.11.02-14.59.48:830][711]LogSavePackage: Moving 'D:/Projects/Unreal/GAME/Saved/level_0_blockout_BuiltDataCE5EA03B4A43C6FD34B7A89581E03204.tmp' to 'D:/Projects/Unreal/GAME/Content/TPSAT/Maps/level_design/levels/level_0_blockout_BuiltData.uasset'
[2021.11.02-14.59.48:839][711]AssetCheck: New page: Asset Save: multiple assets
[2021.11.02-14.59.48:839][711]LogContentValidation: Display: Validating World /Game/TPSAT/Maps/level_design/levels/level_0_blockout.level_0_blockout
[2021.11.02-14.59.48:839][711]LogContentValidation: Display: Validating MapBuildDataRegistry /Game/TPSAT/Maps/level_design/levels/level_0_blockout_BuiltData.level_0_blockout_BuiltData
[2021.11.02-14.59.58:168][856]LogSlate: Took 0.006129 seconds to synchronously load lazily loaded font '../../../Engine/Content/Slate/Fonts/Roboto-Italic.ttf' (157K)
